2020-02-03 11:11:49.437450: W tensorflow/stream_executor/platform/default/dso_loader.cc:55] Could not load dynamic library 'libnvinfer.so.6'; dlerror: libnvinfer.so.6: cannot open shared object file: No such file or directory
2020-02-03 11:11:49.437545: W tensorflow/stream_executor/platform/default/dso_loader.cc:55] Could not load dynamic library 'libnvinfer_plugin.so.6'; dlerror: libnvinfer_plugin.so.6: cannot open shared object file: No such file or directory
2020-02-03 11:11:49.437555: W tensorflow/compiler/tf2tensorrt/utils/py_utils.cc:30] Cannot dlopen some TensorRT libraries. If you would like to use Nvidia GPU with TensorRT, please make sure the missing libraries mentioned above are installed properly.
2020-02-03 11:11:50.939417: W tensorflow/stream_executor/platform/default/dso_loader.cc:55] Could not load dynamic library 'libcuda.so.1'; dlerror: libcuda.so.1: cannot open shared object file: No such file or directory
2020-02-03 11:11:50.939468: E tensorflow/stream_executor/cuda/cuda_driver.cc:351] failed call to cuInit: UNKNOWN ERROR (303)
2020-02-03 11:11:50.939507: I tensorflow/stream_executor/cuda/cuda_diagnostics.cc:156] kernel driver does not appear to be running on this host (soma): /proc/driver/nvidia/version does not exist
2020-02-03 11:11:50.939865: I tensorflow/core/platform/cpu_feature_guard.cc:142] Your CPU supports instructions that this TensorFlow binary was not compiled to use: AVX2 FMA
2020-02-03 11:11:50.957165: I tensorflow/core/platform/profile_utils/cpu_utils.cc:94] CPU Frequency: 2600095000 Hz
2020-02-03 11:11:50.963259: I tensorflow/compiler/xla/service/service.cc:168] XLA service 0x557fcfbd7bc0 initialized for platform Host (this does not guarantee that XLA will be used). Devices:
2020-02-03 11:11:50.963295: I tensorflow/compiler/xla/service/service.cc:176]   StreamExecutor device (0): Host, Default Version
X_train.shape :  (425, 100, 1000, 1)
X_test.shape :  (75, 100, 1000, 1)
Y_train.shape :  (425, 5050)
Y_test.shape :  (75, 5050)
Model: "sequential_1"
_________________________________________________________________
Layer (type)                 Output Shape              Param #   
=================================================================
conv2d_1 (Conv2D)            (None, 97, 1000, 1024)    5120      
_________________________________________________________________
batch_normalization_1 (Batch (None, 97, 1000, 1024)    4096      
_________________________________________________________________
activation_1 (Activation)    (None, 97, 1000, 1024)    0         
_________________________________________________________________
dropout_1 (Dropout)          (None, 97, 1000, 1024)    0         
_________________________________________________________________
average_pooling2d_1 (Average (None, 97, 1000, 1024)    0         
_________________________________________________________________
conv2d_2 (Conv2D)            (None, 94, 1000, 1024)    4195328   
_________________________________________________________________
batch_normalization_2 (Batch (None, 94, 1000, 1024)    4096      
_________________________________________________________________
activation_2 (Activation)    (None, 94, 1000, 1024)    0         
_________________________________________________________________
dropout_2 (Dropout)          (None, 94, 1000, 1024)    0         
_________________________________________________________________
average_pooling2d_2 (Average (None, 94, 250, 1024)     0         
_________________________________________________________________
conv2d_3 (Conv2D)            (None, 91, 250, 128)      524416    
_________________________________________________________________
batch_normalization_3 (Batch (None, 91, 250, 128)      512       
_________________________________________________________________
activation_3 (Activation)    (None, 91, 250, 128)      0         
_________________________________________________________________
dropout_3 (Dropout)          (None, 91, 250, 128)      0         
_________________________________________________________________
average_pooling2d_3 (Average (None, 91, 62, 128)       0         
_________________________________________________________________
conv2d_4 (Conv2D)            (None, 88, 62, 128)       65664     
_________________________________________________________________
batch_normalization_4 (Batch (None, 88, 62, 128)       512       
_________________________________________________________________
activation_4 (Activation)    (None, 88, 62, 128)       0         
_________________________________________________________________
dropout_4 (Dropout)          (None, 88, 62, 128)       0         
_________________________________________________________________
average_pooling2d_4 (Average (None, 88, 31, 128)       0         
_________________________________________________________________
conv2d_5 (Conv2D)            (None, 85, 31, 128)       65664     
_________________________________________________________________
batch_normalization_5 (Batch (None, 85, 31, 128)       512       
_________________________________________________________________
activation_5 (Activation)    (None, 85, 31, 128)       0         
_________________________________________________________________
dropout_5 (Dropout)          (None, 85, 31, 128)       0         
_________________________________________________________________
average_pooling2d_5 (Average (None, 85, 15, 128)       0         
_________________________________________________________________
conv2d_6 (Conv2D)            (None, 82, 15, 128)       65664     
_________________________________________________________________
batch_normalization_6 (Batch (None, 82, 15, 128)       512       
_________________________________________________________________
activation_6 (Activation)    (None, 82, 15, 128)       0         
_________________________________________________________________
dropout_6 (Dropout)          (None, 82, 15, 128)       0         
_________________________________________________________________
average_pooling2d_6 (Average (None, 82, 7, 128)        0         
_________________________________________________________________
conv2d_7 (Conv2D)            (None, 79, 7, 128)        65664     
_________________________________________________________________
batch_normalization_7 (Batch (None, 79, 7, 128)        512       
_________________________________________________________________
activation_7 (Activation)    (None, 79, 7, 128)        0         
_________________________________________________________________
dropout_7 (Dropout)          (None, 79, 7, 128)        0         
_________________________________________________________________
average_pooling2d_7 (Average (None, 79, 3, 128)        0         
_________________________________________________________________
conv2d_8 (Conv2D)            (None, 76, 3, 128)        65664     
_________________________________________________________________
batch_normalization_8 (Batch (None, 76, 3, 128)        512       
_________________________________________________________________
activation_8 (Activation)    (None, 76, 3, 128)        0         
_________________________________________________________________
dropout_8 (Dropout)          (None, 76, 3, 128)        0         
_________________________________________________________________
average_pooling2d_8 (Average (None, 76, 1, 128)        0         
_________________________________________________________________
conv2d_9 (Conv2D)            (None, 73, 1, 128)        65664     
_________________________________________________________________
batch_normalization_9 (Batch (None, 73, 1, 128)        512       
_________________________________________________________________
activation_9 (Activation)    (None, 73, 1, 128)        0         
_________________________________________________________________
dropout_9 (Dropout)          (None, 73, 1, 128)        0         
_________________________________________________________________
average_pooling2d_9 (Average (None, 73, 1, 128)        0         
_________________________________________________________________
conv2d_10 (Conv2D)           (None, 70, 1, 128)        65664     
_________________________________________________________________
batch_normalization_10 (Batc (None, 70, 1, 128)        512       
_________________________________________________________________
activation_10 (Activation)   (None, 70, 1, 128)        0         
_________________________________________________________________
dropout_10 (Dropout)         (None, 70, 1, 128)        0         
_________________________________________________________________
average_pooling2d_10 (Averag (None, 70, 1, 128)        0         
_________________________________________________________________
flatten_1 (Flatten)          (None, 8960)              0         
_________________________________________________________________
dense_1 (Dense)              (None, 5050)              45253050  
=================================================================
Total params: 50,449,850
Trainable params: 50,443,706
Non-trainable params: 6,144
_________________________________________________________________
None
Train on 425 samples, validate on 75 samples
Epoch 1/35

 20/425 [>.............................] - ETA: 31:14 - loss: 0.5665 - accuracy: 0.0000e+00
 40/425 [=>............................] - ETA: 29:15 - loss: 0.4316 - accuracy: 0.0000e+00
 60/425 [===>..........................] - ETA: 28:25 - loss: 0.3992 - accuracy: 0.0000e+00
 80/425 [====>.........................] - ETA: 32:55 - loss: 0.4198 - accuracy: 0.0000e+00
100/425 [======>.......................] - ETA: 32:29 - loss: 0.3985 - accuracy: 0.0000e+00
120/425 [=======>......................] - ETA: 35:16 - loss: 0.3752 - accuracy: 0.0000e+00
140/425 [========>.....................] - ETA: 37:06 - loss: 0.3860 - accuracy: 0.0000e+00
160/425 [==========>...................] - ETA: 36:37 - loss: 0.3788 - accuracy: 0.0000e+00
180/425 [===========>..................] - ETA: 35:43 - loss: 0.3514 - accuracy: 0.0000e+00
200/425 [=============>................] - ETA: 34:44 - loss: 0.3587 - accuracy: 0.0000e+00
220/425 [==============>...............] - ETA: 30:11 - loss: 0.3549 - accuracy: 0.0000e+00
240/425 [===============>..............] - ETA: 26:06 - loss: 0.3488 - accuracy: 0.0000e+00
260/425 [=================>............] - ETA: 23:17 - loss: 0.3510 - accuracy: 0.0000e+00
280/425 [==================>...........] - ETA: 20:49 - loss: 0.3605 - accuracy: 0.0000e+00
300/425 [====================>.........] - ETA: 17:25 - loss: 0.3546 - accuracy: 0.0000e+00
320/425 [=====================>........] - ETA: 14:39 - loss: 0.3495 - accuracy: 0.0000e+00
340/425 [=======================>......] - ETA: 11:34 - loss: 0.3452 - accuracy: 0.0000e+00
360/425 [========================>.....] - ETA: 8:36 - loss: 0.3334 - accuracy: 0.0000e+00 
380/425 [=========================>....] - ETA: 6:04 - loss: 0.3274 - accuracy: 0.0000e+00
400/425 [===========================>..] - ETA: 3:19 - loss: 0.3233 - accuracy: 0.0000e+00
420/425 [============================>.] - ETA: 40s - loss: 0.3458 - accuracy: 0.0000e+00 
425/425 [==============================] - 3766s 9s/step - loss: 0.3448 - accuracy: 0.0000e+00 - val_loss: 0.2671 - val_accuracy: 0.0000e+00
Epoch 2/35

 20/425 [>.............................] - ETA: 30:41 - loss: 0.1566 - accuracy: 0.0000e+00
 40/425 [=>............................] - ETA: 49:58 - loss: 0.2781 - accuracy: 0.0000e+00
 60/425 [===>..........................] - ETA: 56:41 - loss: 0.2902 - accuracy: 0.0000e+00
 80/425 [====>.........................] - ETA: 59:17 - loss: 0.2770 - accuracy: 0.0000e+00
100/425 [======>.......................] - ETA: 52:37 - loss: 0.3208 - accuracy: 0.0000e+00
120/425 [=======>......................] - ETA: 44:57 - loss: 0.3352 - accuracy: 0.0000e+00
140/425 [========>.....................] - ETA: 41:08 - loss: 0.3298 - accuracy: 0.0000e+00
160/425 [==========>...................] - ETA: 36:19 - loss: 0.3205 - accuracy: 0.0000e+00
180/425 [===========>..................] - ETA: 32:01 - loss: 0.3011 - accuracy: 0.0000e+00
200/425 [=============>................] - ETA: 28:25 - loss: 0.3099 - accuracy: 0.0000e+00
220/425 [==============>...............] - ETA: 28:25 - loss: 0.3056 - accuracy: 0.0000e+00
240/425 [===============>..............] - ETA: 24:36 - loss: 0.3332 - accuracy: 0.0000e+00
260/425 [=================>............] - ETA: 21:07 - loss: 0.3292 - accuracy: 0.0000e+00
280/425 [==================>...........] - ETA: 17:55 - loss: 0.3324 - accuracy: 0.0000e+00
300/425 [====================>.........] - ETA: 16:11 - loss: 0.3312 - accuracy: 0.0000e+00
320/425 [=====================>........] - ETA: 13:24 - loss: 0.3283 - accuracy: 0.0000e+00
340/425 [=======================>......] - ETA: 10:42 - loss: 0.3370 - accuracy: 0.0000e+00
360/425 [========================>.....] - ETA: 8:38 - loss: 0.3356 - accuracy: 0.0000e+00 
380/425 [=========================>....] - ETA: 6:01 - loss: 0.3295 - accuracy: 0.0000e+00
400/425 [===========================>..] - ETA: 3:16 - loss: 0.3241 - accuracy: 0.0000e+00
420/425 [============================>.] - ETA: 39s - loss: 0.3248 - accuracy: 0.0000e+00 
425/425 [==============================] - 3650s 9s/step - loss: 0.3228 - accuracy: 0.0000e+00 - val_loss: 0.2796 - val_accuracy: 0.0000e+00
Epoch 3/35

 20/425 [>.............................] - ETA: 29:58 - loss: 0.2967 - accuracy: 0.0500
 40/425 [=>............................] - ETA: 42:06 - loss: 0.3907 - accuracy: 0.0250
 60/425 [===>..........................] - ETA: 45:58 - loss: 0.4113 - accuracy: 0.0167
 80/425 [====>.........................] - ETA: 46:00 - loss: 0.3924 - accuracy: 0.0125
100/425 [======>.......................] - ETA: 39:27 - loss: 0.3562 - accuracy: 0.0100
120/425 [=======>......................] - ETA: 34:20 - loss: 0.3465 - accuracy: 0.0083
140/425 [========>.....................] - ETA: 34:41 - loss: 0.3237 - accuracy: 0.0071
160/425 [==========>...................] - ETA: 33:05 - loss: 0.3145 - accuracy: 0.0063
180/425 [===========>..................] - ETA: 31:06 - loss: 0.3578 - accuracy: 0.0056
200/425 [=============>................] - ETA: 27:21 - loss: 0.3452 - accuracy: 0.0050
220/425 [==============>...............] - ETA: 26:39 - loss: 0.3561 - accuracy: 0.0045
240/425 [===============>..............] - ETA: 23:06 - loss: 0.3492 - accuracy: 0.0042
260/425 [=================>............] - ETA: 21:23 - loss: 0.3420 - accuracy: 0.0038
280/425 [==================>...........] - ETA: 19:44 - loss: 0.3391 - accuracy: 0.0036
300/425 [====================>.........] - ETA: 17:10 - loss: 0.3368 - accuracy: 0.0033
320/425 [=====================>........] - ETA: 14:08 - loss: 0.3410 - accuracy: 0.0031
340/425 [=======================>......] - ETA: 11:33 - loss: 0.3298 - accuracy: 0.0029
360/425 [========================>.....] - ETA: 9:15 - loss: 0.3331 - accuracy: 0.0028 
380/425 [=========================>....] - ETA: 6:25 - loss: 0.3251 - accuracy: 0.0026
400/425 [===========================>..] - ETA: 3:29 - loss: 0.3218 - accuracy: 0.0025
420/425 [============================>.] - ETA: 41s - loss: 0.3183 - accuracy: 0.0024 
425/425 [==============================] - 3867s 9s/step - loss: 0.3160 - accuracy: 0.0024 - val_loss: 0.2795 - val_accuracy: 0.0000e+00
Epoch 4/35

 20/425 [>.............................] - ETA: 59:14 - loss: 0.2476 - accuracy: 0.0000e+00
 40/425 [=>............................] - ETA: 42:31 - loss: 0.1976 - accuracy: 0.0000e+00
 60/425 [===>..........................] - ETA: 35:23 - loss: 0.2009 - accuracy: 0.0000e+00
 80/425 [====>.........................] - ETA: 43:47 - loss: 0.2204 - accuracy: 0.0000e+00
100/425 [======>.......................] - ETA: 42:41 - loss: 0.2593 - accuracy: 0.0000e+00
120/425 [=======>......................] - ETA: 37:15 - loss: 0.2765 - accuracy: 0.0000e+00
140/425 [========>.....................] - ETA: 32:36 - loss: 0.2789 - accuracy: 0.0000e+00
160/425 [==========>...................] - ETA: 29:04 - loss: 0.3199 - accuracy: 0.0000e+00
180/425 [===========>..................] - ETA: 28:03 - loss: 0.3217 - accuracy: 0.0000e+00
200/425 [=============>................] - ETA: 24:46 - loss: 0.3094 - accuracy: 0.0000e+00
220/425 [==============>...............] - ETA: 22:01 - loss: 0.3082 - accuracy: 0.0000e+00
240/425 [===============>..............] - ETA: 19:17 - loss: 0.3420 - accuracy: 0.0000e+00
260/425 [=================>............] - ETA: 18:36 - loss: 0.3413 - accuracy: 0.0000e+00
280/425 [==================>...........] - ETA: 17:13 - loss: 0.3458 - accuracy: 0.0000e+00
300/425 [====================>.........] - ETA: 15:01 - loss: 0.3425 - accuracy: 0.0000e+00
320/425 [=====================>........] - ETA: 12:16 - loss: 0.3357 - accuracy: 0.0000e+00
340/425 [=======================>......] - ETA: 10:17 - loss: 0.3269 - accuracy: 0.0000e+00
360/425 [========================>.....] - ETA: 7:42 - loss: 0.3273 - accuracy: 0.0000e+00 
380/425 [=========================>....] - ETA: 5:13 - loss: 0.3240 - accuracy: 0.0000e+00
400/425 [===========================>..] - ETA: 2:51 - loss: 0.3161 - accuracy: 0.0000e+00
420/425 [============================>.] - ETA: 35s - loss: 0.3133 - accuracy: 0.0000e+00 
425/425 [==============================] - 3387s 8s/step - loss: 0.3141 - accuracy: 0.0000e+00 - val_loss: 0.2794 - val_accuracy: 0.0000e+00
Epoch 5/35

 20/425 [>.............................] - ETA: 32:49 - loss: 0.2269 - accuracy: 0.0000e+00
 40/425 [=>............................] - ETA: 36:13 - loss: 0.2746 - accuracy: 0.0000e+00
 60/425 [===>..........................] - ETA: 31:57 - loss: 0.3992 - accuracy: 0.0000e+00
 80/425 [====>.........................] - ETA: 41:20 - loss: 0.3488 - accuracy: 0.0000e+00
100/425 [======>.......................] - ETA: 35:50 - loss: 0.3243 - accuracy: 0.0000e+00
120/425 [=======>......................] - ETA: 34:52 - loss: 0.3224 - accuracy: 0.0000e+00
140/425 [========>.....................] - ETA: 34:34 - loss: 0.2988 - accuracy: 0.0000e+00
160/425 [==========>...................] - ETA: 33:34 - loss: 0.2998 - accuracy: 0.0000e+00
180/425 [===========>..................] - ETA: 31:24 - loss: 0.3154 - accuracy: 0.0000e+00
200/425 [=============>................] - ETA: 27:40 - loss: 0.3524 - accuracy: 0.0000e+00
220/425 [==============>...............] - ETA: 24:32 - loss: 0.3509 - accuracy: 0.0000e+00
240/425 [===============>..............] - ETA: 21:39 - loss: 0.3434 - accuracy: 0.0000e+00
260/425 [=================>............] - ETA: 19:31 - loss: 0.3346 - accuracy: 0.0000e+00
280/425 [==================>...........] - ETA: 16:48 - loss: 0.3262 - accuracy: 0.0036    
300/425 [====================>.........] - ETA: 14:37 - loss: 0.3316 - accuracy: 0.0033
320/425 [=====================>........] - ETA: 12:22 - loss: 0.3188 - accuracy: 0.0031
340/425 [=======================>......] - ETA: 9:49 - loss: 0.3211 - accuracy: 0.0029 
360/425 [========================>.....] - ETA: 7:34 - loss: 0.3216 - accuracy: 0.0028
380/425 [=========================>....] - ETA: 5:17 - loss: 0.3197 - accuracy: 0.0026
400/425 [===========================>..] - ETA: 2:57 - loss: 0.3145 - accuracy: 0.0025
420/425 [============================>.] - ETA: 35s - loss: 0.3111 - accuracy: 0.0024 
425/425 [==============================] - 3054s 7s/step - loss: 0.3159 - accuracy: 0.0024 - val_loss: 0.2801 - val_accuracy: 0.0000e+00
Epoch 6/35

 20/425 [>.............................] - ETA: 1:09:18 - loss: 0.2830 - accuracy: 0.0000e+00
 40/425 [=>............................] - ETA: 51:28 - loss: 0.2381 - accuracy: 0.0000e+00  
 60/425 [===>..........................] - ETA: 55:44 - loss: 0.2321 - accuracy: 0.0000e+00
 80/425 [====>.........................] - ETA: 52:54 - loss: 0.2173 - accuracy: 0.0000e+00
100/425 [======>.......................] - ETA: 45:36 - loss: 0.2234 - accuracy: 0.0000e+00
120/425 [=======>......................] - ETA: 45:05 - loss: 0.2504 - accuracy: 0.0000e+00
140/425 [========>.....................] - ETA: 41:34 - loss: 0.2426 - accuracy: 0.0071    
160/425 [==========>...................] - ETA: 36:35 - loss: 0.2340 - accuracy: 0.0063
180/425 [===========>..................] - ETA: 33:48 - loss: 0.2311 - accuracy: 0.0056
200/425 [=============>................] - ETA: 29:48 - loss: 0.2732 - accuracy: 0.0050
220/425 [==============>...............] - ETA: 27:31 - loss: 0.2780 - accuracy: 0.0045
240/425 [===============>..............] - ETA: 24:06 - loss: 0.2766 - accuracy: 0.0042
260/425 [=================>............] - ETA: 21:30 - loss: 0.2795 - accuracy: 0.0038
280/425 [==================>...........] - ETA: 18:27 - loss: 0.2883 - accuracy: 0.0036
300/425 [====================>.........] - ETA: 15:59 - loss: 0.2853 - accuracy: 0.0033
320/425 [=====================>........] - ETA: 13:26 - loss: 0.2868 - accuracy: 0.0031
340/425 [=======================>......] - ETA: 10:55 - loss: 0.2839 - accuracy: 0.0029
360/425 [========================>.....] - ETA: 8:11 - loss: 0.2946 - accuracy: 0.0028 
380/425 [=========================>....] - ETA: 5:33 - loss: 0.3004 - accuracy: 0.0026
400/425 [===========================>..] - ETA: 3:02 - loss: 0.3050 - accuracy: 0.0025
420/425 [============================>.] - ETA: 36s - loss: 0.3019 - accuracy: 0.0024 
425/425 [==============================] - 3250s 8s/step - loss: 0.3096 - accuracy: 0.0024 - val_loss: 0.2798 - val_accuracy: 0.0000e+00
Epoch 7/35

 20/425 [>.............................] - ETA: 34:42 - loss: 0.2237 - accuracy: 0.0000e+00
 40/425 [=>............................] - ETA: 41:26 - loss: 0.2031 - accuracy: 0.0000e+00
 60/425 [===>..........................] - ETA: 36:13 - loss: 0.2499 - accuracy: 0.0000e+00
 80/425 [====>.........................] - ETA: 37:31 - loss: 0.2513 - accuracy: 0.0000e+00
100/425 [======>.......................] - ETA: 38:04 - loss: 0.2340 - accuracy: 0.0000e+00
120/425 [=======>......................] - ETA: 36:35 - loss: 0.2620 - accuracy: 0.0000e+00
140/425 [========>.....................] - ETA: 34:21 - loss: 0.2797 - accuracy: 0.0000e+00
160/425 [==========>...................] - ETA: 31:36 - loss: 0.2759 - accuracy: 0.0000e+00
180/425 [===========>..................] - ETA: 28:33 - loss: 0.2674 - accuracy: 0.0000e+00
200/425 [=============>................] - ETA: 26:47 - loss: 0.2874 - accuracy: 0.0000e+00
220/425 [==============>...............] - ETA: 24:39 - loss: 0.2805 - accuracy: 0.0000e+00
240/425 [===============>..............] - ETA: 21:50 - loss: 0.2985 - accuracy: 0.0000e+00
260/425 [=================>............] - ETA: 19:13 - loss: 0.3049 - accuracy: 0.0000e+00
280/425 [==================>...........] - ETA: 16:38 - loss: 0.2965 - accuracy: 0.0000e+00
300/425 [====================>.........] - ETA: 14:05 - loss: 0.2917 - accuracy: 0.0000e+00
320/425 [=====================>........] - ETA: 12:12 - loss: 0.2950 - accuracy: 0.0031    
340/425 [=======================>......] - ETA: 9:41 - loss: 0.2944 - accuracy: 0.0029 
360/425 [========================>.....] - ETA: 7:27 - loss: 0.2918 - accuracy: 0.0028
380/425 [=========================>....] - ETA: 5:27 - loss: 0.3143 - accuracy: 0.0053
400/425 [===========================>..] - ETA: 3:02 - loss: 0.3113 - accuracy: 0.0050
420/425 [============================>.] - ETA: 36s - loss: 0.3073 - accuracy: 0.0048 
425/425 [==============================] - 3541s 8s/step - loss: 0.3062 - accuracy: 0.0047 - val_loss: 0.2796 - val_accuracy: 0.0000e+00
Epoch 8/35

 20/425 [>.............................] - ETA: 32:25 - loss: 0.2544 - accuracy: 0.0000e+00
 40/425 [=>............................] - ETA: 31:20 - loss: 0.2007 - accuracy: 0.0250    
 60/425 [===>..........................] - ETA: 44:18 - loss: 0.2023 - accuracy: 0.0167
 80/425 [====>.........................] - ETA: 42:30 - loss: 0.2130 - accuracy: 0.0125
100/425 [======>.......................] - ETA: 38:53 - loss: 0.2454 - accuracy: 0.0100
120/425 [=======>......................] - ETA: 37:15 - loss: 0.2388 - accuracy: 0.0083
140/425 [========>.....................] - ETA: 35:36 - loss: 0.2392 - accuracy: 0.0071
160/425 [==========>...................] - ETA: 33:42 - loss: 0.2388 - accuracy: 0.0063
180/425 [===========>..................] - ETA: 29:48 - loss: 0.2900 - accuracy: 0.0056
200/425 [=============>................] - ETA: 26:19 - loss: 0.3090 - accuracy: 0.0050
220/425 [==============>...............] - ETA: 24:23 - loss: 0.3105 - accuracy: 0.0045
240/425 [===============>..............] - ETA: 21:26 - loss: 0.3093 - accuracy: 0.0042
260/425 [=================>............] - ETA: 18:39 - loss: 0.3039 - accuracy: 0.0038
280/425 [==================>...........] - ETA: 16:44 - loss: 0.3069 - accuracy: 0.0036
300/425 [====================>.........] - ETA: 14:57 - loss: 0.2973 - accuracy: 0.0033
320/425 [=====================>........] - ETA: 12:44 - loss: 0.3015 - accuracy: 0.0031
340/425 [=======================>......] - ETA: 10:05 - loss: 0.2987 - accuracy: 0.0029
360/425 [========================>.....] - ETA: 7:33 - loss: 0.3000 - accuracy: 0.0028 
380/425 [=========================>....] - ETA: 5:18 - loss: 0.3068 - accuracy: 0.0026
400/425 [===========================>..] - ETA: 2:54 - loss: 0.3057 - accuracy: 0.0025
420/425 [============================>.] - ETA: 34s - loss: 0.3018 - accuracy: 0.0024 
425/425 [==============================] - 3307s 8s/step - loss: 0.3033 - accuracy: 0.0024 - val_loss: 0.2800 - val_accuracy: 0.0000e+00
Epoch 9/35

 20/425 [>.............................] - ETA: 57:02 - loss: 0.3045 - accuracy: 0.0000e+00
 40/425 [=>............................] - ETA: 54:53 - loss: 0.2574 - accuracy: 0.0250    
 60/425 [===>..........................] - ETA: 49:42 - loss: 0.2834 - accuracy: 0.0167
 80/425 [====>.........................] - ETA: 41:52 - loss: 0.2982 - accuracy: 0.0125
100/425 [======>.......................] - ETA: 36:38 - loss: 0.3560 - accuracy: 0.0100
120/425 [=======>......................] - ETA: 41:50 - loss: 0.3342 - accuracy: 0.0083
140/425 [========>.....................] - ETA: 36:38 - loss: 0.3272 - accuracy: 0.0071
160/425 [==========>...................] - ETA: 32:18 - loss: 0.3489 - accuracy: 0.0063
180/425 [===========>..................] - ETA: 28:43 - loss: 0.3541 - accuracy: 0.0056
200/425 [=============>................] - ETA: 25:39 - loss: 0.3417 - accuracy: 0.0050
220/425 [==============>...............] - ETA: 25:26 - loss: 0.3254 - accuracy: 0.0045
240/425 [===============>..............] - ETA: 22:40 - loss: 0.3211 - accuracy: 0.0042
260/425 [=================>............] - ETA: 19:37 - loss: 0.3250 - accuracy: 0.0038
280/425 [==================>...........] - ETA: 16:47 - loss: 0.3230 - accuracy: 0.0036
300/425 [====================>.........] - ETA: 15:01 - loss: 0.3213 - accuracy: 0.0033
320/425 [=====================>........] - ETA: 12:43 - loss: 0.3195 - accuracy: 0.0063
340/425 [=======================>......] - ETA: 10:04 - loss: 0.3153 - accuracy: 0.0059
360/425 [========================>.....] - ETA: 7:30 - loss: 0.3222 - accuracy: 0.0056 
380/425 [=========================>....] - ETA: 5:06 - loss: 0.3133 - accuracy: 0.0053
400/425 [===========================>..] - ETA: 2:47 - loss: 0.3044 - accuracy: 0.0050
420/425 [============================>.] - ETA: 34s - loss: 0.2998 - accuracy: 0.0048 
425/425 [==============================] - 3121s 7s/step - loss: 0.3022 - accuracy: 0.0047 - val_loss: 0.2801 - val_accuracy: 0.0000e+00
Epoch 10/35

 20/425 [>.............................] - ETA: 32:52 - loss: 0.1672 - accuracy: 0.0000e+00
 40/425 [=>............................] - ETA: 48:57 - loss: 0.2319 - accuracy: 0.0000e+00
 60/425 [===>..........................] - ETA: 48:42 - loss: 0.3683 - accuracy: 0.0000e+00
 80/425 [====>.........................] - ETA: 44:07 - loss: 0.3503 - accuracy: 0.0000e+00
100/425 [======>.......................] - ETA: 40:51 - loss: 0.3361 - accuracy: 0.0000e+00
120/425 [=======>......................] - ETA: 38:10 - loss: 0.3113 - accuracy: 0.0000e+00
140/425 [========>.....................] - ETA: 36:36 - loss: 0.3103 - accuracy: 0.0000e+00
160/425 [==========>...................] - ETA: 32:09 - loss: 0.3154 - accuracy: 0.0000e+00
180/425 [===========>..................] - ETA: 32:04 - loss: 0.3226 - accuracy: 0.0000e+00
200/425 [=============>................] - ETA: 29:24 - loss: 0.3223 - accuracy: 0.0000e+00
220/425 [==============>...............] - ETA: 25:45 - loss: 0.3108 - accuracy: 0.0000e+00
240/425 [===============>..............] - ETA: 22:28 - loss: 0.3134 - accuracy: 0.0000e+00