2020-02-05 16:41:12.958294: W tensorflow/stream_executor/platform/default/dso_loader.cc:55] Could not load dynamic library 'libnvinfer.so.6'; dlerror: libnvinfer.so.6: cannot open shared object file: No such file or directory
2020-02-05 16:41:12.958397: W tensorflow/stream_executor/platform/default/dso_loader.cc:55] Could not load dynamic library 'libnvinfer_plugin.so.6'; dlerror: libnvinfer_plugin.so.6: cannot open shared object file: No such file or directory
2020-02-05 16:41:12.958407: W tensorflow/compiler/tf2tensorrt/utils/py_utils.cc:30] Cannot dlopen some TensorRT libraries. If you would like to use Nvidia GPU with TensorRT, please make sure the missing libraries mentioned above are installed properly.
2020-02-05 16:43:45.697539: W tensorflow/stream_executor/platform/default/dso_loader.cc:55] Could not load dynamic library 'libcuda.so.1'; dlerror: libcuda.so.1: cannot open shared object file: No such file or directory
2020-02-05 16:43:45.697590: E tensorflow/stream_executor/cuda/cuda_driver.cc:351] failed call to cuInit: UNKNOWN ERROR (303)
2020-02-05 16:43:45.697619: I tensorflow/stream_executor/cuda/cuda_diagnostics.cc:156] kernel driver does not appear to be running on this host (soma): /proc/driver/nvidia/version does not exist
2020-02-05 16:43:45.697989: I tensorflow/core/platform/cpu_feature_guard.cc:142] Your CPU supports instructions that this TensorFlow binary was not compiled to use: AVX2 FMA
2020-02-05 16:43:45.727538: I tensorflow/core/platform/profile_utils/cpu_utils.cc:94] CPU Frequency: 2600095000 Hz
2020-02-05 16:43:45.733752: I tensorflow/compiler/xla/service/service.cc:168] XLA service 0x55710de00840 initialized for platform Host (this does not guarantee that XLA will be used). Devices:
2020-02-05 16:43:45.733799: I tensorflow/compiler/xla/service/service.cc:176]   StreamExecutor device (0): Host, Default Version
X_train.shape :  (24335, 100, 1000, 1)
X_test.shape :  (24335, 100, 100, 1)
Y_train_cub.shape :  (24335, 100, 100, 1)
Y_test_cub.shape :  (4295, 100, 100, 1)
Y_train_flatten.shape :  (24335, 4950)
Y_test_flatten.shape :  (4295, 4950)
Model: "sequential_1"
_________________________________________________________________
Layer (type)                 Output Shape              Param #   
=================================================================
conv2d_1 (Conv2D)            (None, 98, 998, 10)       100       
_________________________________________________________________
batch_normalization_1 (Batch (None, 98, 998, 10)       40        
_________________________________________________________________
activation_1 (Activation)    (None, 98, 998, 10)       0         
_________________________________________________________________
max_pooling2d_1 (MaxPooling2 (None, 49, 499, 10)       0         
_________________________________________________________________
conv2d_2 (Conv2D)            (None, 47, 497, 5)        455       
_________________________________________________________________
batch_normalization_2 (Batch (None, 47, 497, 5)        20        
_________________________________________________________________
activation_2 (Activation)    (None, 47, 497, 5)        0         
_________________________________________________________________
max_pooling2d_2 (MaxPooling2 (None, 23, 248, 5)        0         
_________________________________________________________________
conv2d_3 (Conv2D)            (None, 21, 246, 5)        230       
_________________________________________________________________
batch_normalization_3 (Batch (None, 21, 246, 5)        20        
_________________________________________________________________
activation_3 (Activation)    (None, 21, 246, 5)        0         
_________________________________________________________________
max_pooling2d_3 (MaxPooling2 (None, 10, 123, 5)        0         
_________________________________________________________________
conv2d_4 (Conv2D)            (None, 8, 121, 1)         46        
_________________________________________________________________
batch_normalization_4 (Batch (None, 8, 121, 1)         4         
_________________________________________________________________
activation_4 (Activation)    (None, 8, 121, 1)         0         
_________________________________________________________________
max_pooling2d_4 (MaxPooling2 (None, 4, 60, 1)          0         
_________________________________________________________________
flatten_1 (Flatten)          (None, 240)               0         
_________________________________________________________________
dense_1 (Dense)              (None, 4950)              1192950   
=================================================================
Total params: 1,193,865
Trainable params: 1,193,823
Non-trainable params: 42
_________________________________________________________________
None
Train on 24335 samples, validate on 4295 samples
Epoch 1/200

   20/24335 [..............................] - ETA: 23:34 - loss: 0.2260 - accuracy: 0.0000e+00
   40/24335 [..............................] - ETA: 17:12 - loss: 0.1757 - accuracy: 0.0000e+00
   60/24335 [..............................] - ETA: 14:05 - loss: 0.1511 - accuracy: 0.0000e+00
   80/24335 [..............................] - ETA: 12:32 - loss: 0.1535 - accuracy: 0.0000e+00
  100/24335 [..............................] - ETA: 11:38 - loss: 0.1417 - accuracy: 0.0000e+00
  120/24335 [..............................] - ETA: 10:59 - loss: 0.1410 - accuracy: 0.0000e+00
  140/24335 [..............................] - ETA: 10:32 - loss: 0.1363 - accuracy: 0.0000e+00
  160/24335 [..............................] - ETA: 10:15 - loss: 0.1331 - accuracy: 0.0000e+00
  180/24335 [..............................] - ETA: 9:58 - loss: 0.1379 - accuracy: 0.0056     
  200/24335 [..............................] - ETA: 9:46 - loss: 0.1356 - accuracy: 0.0050
  220/24335 [..............................] - ETA: 9:36 - loss: 0.1418 - accuracy: 0.0045
  240/24335 [..............................] - ETA: 9:30 - loss: 0.1379 - accuracy: 0.0042
  260/24335 [..............................] - ETA: 9:23 - loss: 0.1337 - accuracy: 0.0038
  280/24335 [..............................] - ETA: 9:18 - loss: 0.1317 - accuracy: 0.0036
  300/24335 [..............................] - ETA: 9:13 - loss: 0.1295 - accuracy: 0.0033
  320/24335 [..............................] - ETA: 9:09 - loss: 0.1284 - accuracy: 0.0031
  340/24335 [..............................] - ETA: 9:04 - loss: 0.1272 - accuracy: 0.0029
  360/24335 [..............................] - ETA: 9:00 - loss: 0.1242 - accuracy: 0.0028
  380/24335 [..............................] - ETA: 8:59 - loss: 0.1208 - accuracy: 0.0026
  400/24335 [..............................] - ETA: 8:56 - loss: 0.1211 - accuracy: 0.0025
  420/24335 [..............................] - ETA: 8:51 - loss: 0.1187 - accuracy: 0.0024
  440/24335 [..............................] - ETA: 8:48 - loss: 0.1166 - accuracy: 0.0023
  460/24335 [..............................] - ETA: 8:45 - loss: 0.1159 - accuracy: 0.0022
  480/24335 [..............................] - ETA: 8:43 - loss: 0.1153 - accuracy: 0.0021
  500/24335 [..............................] - ETA: 8:41 - loss: 0.1137 - accuracy: 0.0020
  520/24335 [..............................] - ETA: 8:40 - loss: 0.1144 - accuracy: 0.0019
  540/24335 [..............................] - ETA: 8:40 - loss: 0.1115 - accuracy: 0.0019
  560/24335 [..............................] - ETA: 8:39 - loss: 0.1122 - accuracy: 0.0018
  580/24335 [..............................] - ETA: 8:39 - loss: 0.1107 - accuracy: 0.0017
  600/24335 [..............................] - ETA: 8:39 - loss: 0.1095 - accuracy: 0.0017
  620/24335 [..............................] - ETA: 8:38 - loss: 0.1095 - accuracy: 0.0016
  640/24335 [..............................] - ETA: 8:38 - loss: 0.1073 - accuracy: 0.0016
  660/24335 [..............................] - ETA: 8:37 - loss: 0.1076 - accuracy: 0.0015
  680/24335 [..............................] - ETA: 8:36 - loss: 0.1097 - accuracy: 0.0015
  700/24335 [..............................] - ETA: 8:36 - loss: 0.1093 - accuracy: 0.0014
  720/24335 [..............................] - ETA: 8:34 - loss: 0.1084 - accuracy: 0.0014
  740/24335 [..............................] - ETA: 8:34 - loss: 0.1074 - accuracy: 0.0014
  760/24335 [..............................] - ETA: 8:33 - loss: 0.1065 - accuracy: 0.0013
  780/24335 [..............................] - ETA: 8:32 - loss: 0.1063 - accuracy: 0.0013
  800/24335 [..............................] - ETA: 8:32 - loss: 0.1049 - accuracy: 0.0012
  820/24335 [>.............................] - ETA: 8:30 - loss: 0.1034 - accuracy: 0.0012
  840/24335 [>.............................] - ETA: 8:32 - loss: 0.1029 - accuracy: 0.0012
  860/24335 [>.............................] - ETA: 8:31 - loss: 0.1029 - accuracy: 0.0012
  880/24335 [>.............................] - ETA: 8:29 - loss: 0.1028 - accuracy: 0.0011
  900/24335 [>.............................] - ETA: 8:29 - loss: 0.1018 - accuracy: 0.0022
  920/24335 [>.............................] - ETA: 8:28 - loss: 0.1013 - accuracy: 0.0022
  940/24335 [>.............................] - ETA: 8:27 - loss: 0.1007 - accuracy: 0.0021
  960/24335 [>.............................] - ETA: 8:26 - loss: 0.1143 - accuracy: 0.0021
  980/24335 [>.............................] - ETA: 8:25 - loss: 0.1159 - accuracy: 0.0020
 1000/24335 [>.............................] - ETA: 8:25 - loss: 0.1144 - accuracy: 0.0020
 1020/24335 [>.............................] - ETA: 8:23 - loss: 0.1135 - accuracy: 0.0020
 1040/24335 [>.............................] - ETA: 8:22 - loss: 0.1126 - accuracy: 0.0019
 1060/24335 [>.............................] - ETA: 8:21 - loss: 0.1117 - accuracy: 0.0019
 1080/24335 [>.............................] - ETA: 8:19 - loss: 0.1113 - accuracy: 0.0019
 1100/24335 [>.............................] - ETA: 8:18 - loss: 0.1116 - accuracy: 0.0018
 1120/24335 [>.............................] - ETA: 8:17 - loss: 0.1130 - accuracy: 0.0018
 1140/24335 [>.............................] - ETA: 8:16 - loss: 0.1126 - accuracy: 0.0018
 1160/24335 [>.............................] - ETA: 8:15 - loss: 0.1123 - accuracy: 0.0017
 1180/24335 [>.............................] - ETA: 8:14 - loss: 0.1113 - accuracy: 0.0017
 1200/24335 [>.............................] - ETA: 8:13 - loss: 0.1240 - accuracy: 0.0017
 1220/24335 [>.............................] - ETA: 8:13 - loss: 0.1229 - accuracy: 0.0025
 1240/24335 [>.............................] - ETA: 8:12 - loss: 0.1226 - accuracy: 0.0032
 1260/24335 [>.............................] - ETA: 8:10 - loss: 0.1221 - accuracy: 0.0032
 1280/24335 [>.............................] - ETA: 8:10 - loss: 0.1217 - accuracy: 0.0031
 1300/24335 [>.............................] - ETA: 8:09 - loss: 0.1211 - accuracy: 0.0031
 1320/24335 [>.............................] - ETA: 8:08 - loss: 0.1201 - accuracy: 0.0030
 1340/24335 [>.............................] - ETA: 8:08 - loss: 0.1197 - accuracy: 0.0030
 1360/24335 [>.............................] - ETA: 8:07 - loss: 0.1187 - accuracy: 0.0029
 1380/24335 [>.............................] - ETA: 8:06 - loss: 0.1202 - accuracy: 0.0029
 1400/24335 [>.............................] - ETA: 8:05 - loss: 0.1190 - accuracy: 0.0029
 1420/24335 [>.............................] - ETA: 8:04 - loss: 0.1180 - accuracy: 0.0028
 1440/24335 [>.............................] - ETA: 8:03 - loss: 0.1170 - accuracy: 0.0028
 1460/24335 [>.............................] - ETA: 8:03 - loss: 0.1168 - accuracy: 0.0034
 1480/24335 [>.............................] - ETA: 8:02 - loss: 0.1163 - accuracy: 0.0034
 1500/24335 [>.............................] - ETA: 8:02 - loss: 0.1155 - accuracy: 0.0033
 1520/24335 [>.............................] - ETA: 8:01 - loss: 0.1148 - accuracy: 0.0033
 1540/24335 [>.............................] - ETA: 8:00 - loss: 0.1142 - accuracy: 0.0039
 1560/24335 [>.............................] - ETA: 8:00 - loss: 0.1134 - accuracy: 0.0038
 1580/24335 [>.............................] - ETA: 7:59 - loss: 0.1126 - accuracy: 0.0044
 1600/24335 [>.............................] - ETA: 7:58 - loss: 0.1120 - accuracy: 0.0044
 1620/24335 [>.............................] - ETA: 7:58 - loss: 0.1120 - accuracy: 0.0043
 1640/24335 [=>............................] - ETA: 7:57 - loss: 0.1134 - accuracy: 0.0049
 1660/24335 [=>............................] - ETA: 7:57 - loss: 0.1126 - accuracy: 0.0048
 1680/24335 [=>............................] - ETA: 7:56 - loss: 0.1120 - accuracy: 0.0048
 1700/24335 [=>............................] - ETA: 7:55 - loss: 0.1120 - accuracy: 0.0047
 1720/24335 [=>............................] - ETA: 7:55 - loss: 0.1112 - accuracy: 0.0047
 1740/24335 [=>............................] - ETA: 7:54 - loss: 0.1105 - accuracy: 0.0046
 1760/24335 [=>............................] - ETA: 7:53 - loss: 0.1099 - accuracy: 0.0045
 1780/24335 [=>............................] - ETA: 7:53 - loss: 0.1092 - accuracy: 0.0045
 1800/24335 [=>............................] - ETA: 7:53 - loss: 0.1085 - accuracy: 0.0044
 1820/24335 [=>............................] - ETA: 7:53 - loss: 0.1080 - accuracy: 0.0044
 1840/24335 [=>............................] - ETA: 7:53 - loss: 0.1075 - accuracy: 0.0049
 1860/24335 [=>............................] - ETA: 7:52 - loss: 0.1074 - accuracy: 0.0054
 1880/24335 [=>............................] - ETA: 7:52 - loss: 0.1068 - accuracy: 0.0053
 1900/24335 [=>............................] - ETA: 7:51 - loss: 0.1064 - accuracy: 0.0053
 1920/24335 [=>............................] - ETA: 7:50 - loss: 0.1071 - accuracy: 0.0052
 1940/24335 [=>............................] - ETA: 7:50 - loss: 0.1065 - accuracy: 0.0052
 1960/24335 [=>............................] - ETA: 7:49 - loss: 0.1065 - accuracy: 0.0051
 1980/24335 [=>............................] - ETA: 7:48 - loss: 0.1069 - accuracy: 0.0051
 2000/24335 [=>............................] - ETA: 7:48 - loss: 0.1065 - accuracy: 0.0050
 2020/24335 [=>............................] - ETA: 7:47 - loss: 0.1059 - accuracy: 0.0050
 2040/24335 [=>............................] - ETA: 7:47 - loss: 0.1061 - accuracy: 0.0049
 2060/24335 [=>............................] - ETA: 7:46 - loss: 0.1060 - accuracy: 0.0049
 2080/24335 [=>............................] - ETA: 7:46 - loss: 0.1055 - accuracy: 0.0048
 2100/24335 [=>............................] - ETA: 7:45 - loss: 0.1048 - accuracy: 0.0048
 2120/24335 [=>............................] - ETA: 7:45 - loss: 0.1044 - accuracy: 0.0047
 2140/24335 [=>............................] - ETA: 7:44 - loss: 0.1042 - accuracy: 0.0047
 2160/24335 [=>............................] - ETA: 7:43 - loss: 0.1039 - accuracy: 0.0046
 2180/24335 [=>............................] - ETA: 7:43 - loss: 0.1036 - accuracy: 0.0050
 2200/24335 [=>............................] - ETA: 7:42 - loss: 0.1033 - accuracy: 0.0050
 2220/24335 [=>............................] - ETA: 7:42 - loss: 0.1028 - accuracy: 0.0050
 2240/24335 [=>............................] - ETA: 7:41 - loss: 0.1026 - accuracy: 0.0054
 2260/24335 [=>............................] - ETA: 7:41 - loss: 0.1021 - accuracy: 0.0053
 2280/24335 [=>............................] - ETA: 7:40 - loss: 0.1020 - accuracy: 0.0053
 2300/24335 [=>............................] - ETA: 7:40 - loss: 0.1019 - accuracy: 0.0052
 2320/24335 [=>............................] - ETA: 7:39 - loss: 0.1016 - accuracy: 0.0052
 2340/24335 [=>............................] - ETA: 7:39 - loss: 0.1017 - accuracy: 0.0051
 2360/24335 [=>............................] - ETA: 7:38 - loss: 0.1014 - accuracy: 0.0051
 2380/24335 [=>............................] - ETA: 7:38 - loss: 0.1010 - accuracy: 0.0050
 2400/24335 [=>............................] - ETA: 7:37 - loss: 0.1010 - accuracy: 0.0050
 2420/24335 [=>............................] - ETA: 7:36 - loss: 0.1005 - accuracy: 0.0050
 2440/24335 [==>...........................] - ETA: 7:36 - loss: 0.1001 - accuracy: 0.0049
 2460/24335 [==>...........................] - ETA: 7:35 - loss: 0.0998 - accuracy: 0.0049
 2480/24335 [==>...........................] - ETA: 7:35 - loss: 0.0995 - accuracy: 0.0048
 2500/24335 [==>...........................] - ETA: 7:35 - loss: 0.0992 - accuracy: 0.0048
 2520/24335 [==>...........................] - ETA: 7:34 - loss: 0.0987 - accuracy: 0.0048
 2540/24335 [==>...........................] - ETA: 7:34 - loss: 0.0988 - accuracy: 0.0047
 2560/24335 [==>...........................] - ETA: 7:33 - loss: 0.0984 - accuracy: 0.0051
 2580/24335 [==>...........................] - ETA: 7:33 - loss: 0.6333 - accuracy: 0.0054
 2600/24335 [==>...........................] - ETA: 7:32 - loss: 0.6293 - accuracy: 0.0054
 2620/24335 [==>...........................] - ETA: 7:32 - loss: 0.6250 - accuracy: 0.0053
 2640/24335 [==>...........................] - ETA: 7:32 - loss: 0.6214 - accuracy: 0.0057
 2660/24335 [==>...........................] - ETA: 7:31 - loss: 0.6175 - accuracy: 0.0056
 2680/24335 [==>...........................] - ETA: 7:31 - loss: 0.6136 - accuracy: 0.0056
 2700/24335 [==>...........................] - ETA: 7:30 - loss: 0.6094 - accuracy: 0.0056
 2720/24335 [==>...........................] - ETA: 7:30 - loss: 0.6055 - accuracy: 0.0055
 2740/24335 [==>...........................] - ETA: 7:29 - loss: 0.6017 - accuracy: 0.0055
 2760/24335 [==>...........................] - ETA: 7:29 - loss: 0.5977 - accuracy: 0.0054
 2780/24335 [==>...........................] - ETA: 7:29 - loss: 0.5941 - accuracy: 0.0054
 2800/24335 [==>...........................] - ETA: 7:28 - loss: 0.5902 - accuracy: 0.0054
 2820/24335 [==>...........................] - ETA: 7:28 - loss: 0.5864 - accuracy: 0.0053
 2840/24335 [==>...........................] - ETA: 7:27 - loss: 0.5828 - accuracy: 0.0053
 2860/24335 [==>...........................] - ETA: 7:27 - loss: 0.5792 - accuracy: 0.0052
 2880/24335 [==>...........................] - ETA: 7:26 - loss: 0.5760 - accuracy: 0.0052
 2900/24335 [==>...........................] - ETA: 7:26 - loss: 0.5730 - accuracy: 0.0052
 2920/24335 [==>...........................] - ETA: 7:25 - loss: 0.5697 - accuracy: 0.0051
 2940/24335 [==>...........................] - ETA: 7:25 - loss: 0.5665 - accuracy: 0.0051
 2960/24335 [==>...........................] - ETA: 7:25 - loss: 0.5631 - accuracy: 0.0051
 2980/24335 [==>...........................] - ETA: 7:24 - loss: 0.5599 - accuracy: 0.0050
 3000/24335 [==>...........................] - ETA: 7:23 - loss: 0.5566 - accuracy: 0.0050
 3020/24335 [==>...........................] - ETA: 7:23 - loss: 0.5533 - accuracy: 0.0050
 3040/24335 [==>...........................] - ETA: 7:22 - loss: 0.5503 - accuracy: 0.0049
 3060/24335 [==>...........................] - ETA: 7:22 - loss: 0.5472 - accuracy: 0.0049
 3080/24335 [==>...........................] - ETA: 7:21 - loss: 0.5440 - accuracy: 0.0049
 3100/24335 [==>...........................] - ETA: 7:21 - loss: 0.5412 - accuracy: 0.0048
 3120/24335 [==>...........................] - ETA: 7:20 - loss: 0.5382 - accuracy: 0.0048
 3140/24335 [==>...........................] - ETA: 7:20 - loss: 0.5353 - accuracy: 0.0051
 3160/24335 [==>...........................] - ETA: 7:19 - loss: 0.5326 - accuracy: 0.0051
 3180/24335 [==>...........................] - ETA: 7:19 - loss: 0.5296 - accuracy: 0.0053
 3200/24335 [==>...........................] - ETA: 7:18 - loss: 0.5269 - accuracy: 0.0053
 3220/24335 [==>...........................] - ETA: 7:18 - loss: 0.5239 - accuracy: 0.0053
 3240/24335 [==>...........................] - ETA: 7:17 - loss: 0.5209 - accuracy: 0.0052
 3260/24335 [===>..........................] - ETA: 7:17 - loss: 0.5184 - accuracy: 0.0052
 3280/24335 [===>..........................] - ETA: 7:17 - loss: 0.5156 - accuracy: 0.0052
 3300/24335 [===>..........................] - ETA: 7:17 - loss: 0.5129 - accuracy: 0.0055
 3320/24335 [===>..........................] - ETA: 7:17 - loss: 0.5102 - accuracy: 0.0054
 3340/24335 [===>..........................] - ETA: 7:16 - loss: 0.5076 - accuracy: 0.0054
 3360/24335 [===>..........................] - ETA: 7:16 - loss: 0.5052 - accuracy: 0.0054
 3380/24335 [===>..........................] - ETA: 7:15 - loss: 0.5024 - accuracy: 0.0053
 3400/24335 [===>..........................] - ETA: 7:15 - loss: 0.4997 - accuracy: 0.0053
 3420/24335 [===>..........................] - ETA: 7:14 - loss: 0.4971 - accuracy: 0.0053
 3440/24335 [===>..........................] - ETA: 7:14 - loss: 0.4944 - accuracy: 0.0052
 3460/24335 [===>..........................] - ETA: 7:14 - loss: 0.4961 - accuracy: 0.0052
 3480/24335 [===>..........................] - ETA: 7:13 - loss: 0.4937 - accuracy: 0.0052
 3500/24335 [===>..........................] - ETA: 7:13 - loss: 0.4915 - accuracy: 0.0051
 3520/24335 [===>..........................] - ETA: 7:12 - loss: 0.4892 - accuracy: 0.0051
 3540/24335 [===>..........................] - ETA: 7:11 - loss: 0.4871 - accuracy: 0.0051
 3560/24335 [===>..........................] - ETA: 7:11 - loss: 0.4846 - accuracy: 0.0051
 3580/24335 [===>..........................] - ETA: 7:11 - loss: 0.4823 - accuracy: 0.0050
 3600/24335 [===>..........................] - ETA: 7:10 - loss: 0.4800 - accuracy: 0.0050
 3620/24335 [===>..........................] - ETA: 7:09 - loss: 0.4779 - accuracy: 0.0050
 3640/24335 [===>..........................] - ETA: 7:09 - loss: 0.4755 - accuracy: 0.0049
 3660/24335 [===>..........................] - ETA: 7:09 - loss: 0.4734 - accuracy: 0.0049
 3680/24335 [===>..........................] - ETA: 7:08 - loss: 0.4716 - accuracy: 0.0049
 3700/24335 [===>..........................] - ETA: 7:08 - loss: 0.4694 - accuracy: 0.0049
 3720/24335 [===>..........................] - ETA: 7:07 - loss: 0.4672 - accuracy: 0.0048
 3740/24335 [===>..........................] - ETA: 7:07 - loss: 0.4661 - accuracy: 0.0048
 3760/24335 [===>..........................] - ETA: 7:06 - loss: 0.4642 - accuracy: 0.0048
 3780/24335 [===>..........................] - ETA: 7:06 - loss: 0.4620 - accuracy: 0.0048
 3800/24335 [===>..........................] - ETA: 7:06 - loss: 0.4601 - accuracy: 0.0047
 3820/24335 [===>..........................] - ETA: 7:05 - loss: 0.4579 - accuracy: 0.0047
 3840/24335 [===>..........................] - ETA: 7:05 - loss: 0.4562 - accuracy: 0.0049
 3860/24335 [===>..........................] - ETA: 7:04 - loss: 0.4542 - accuracy: 0.0049
 3880/24335 [===>..........................] - ETA: 7:04 - loss: 0.4523 - accuracy: 0.0049
 3900/24335 [===>..........................] - ETA: 7:03 - loss: 0.4505 - accuracy: 0.0049
 3920/24335 [===>..........................] - ETA: 7:03 - loss: 0.4486 - accuracy: 0.0048
 3940/24335 [===>..........................] - ETA: 7:02 - loss: 0.4467 - accuracy: 0.0048
 3960/24335 [===>..........................] - ETA: 7:02 - loss: 0.4447 - accuracy: 0.0048
 3980/24335 [===>..........................] - ETA: 7:02 - loss: 0.4428 - accuracy: 0.0048
 4000/24335 [===>..........................] - ETA: 7:01 - loss: 0.4408 - accuracy: 0.0047
 4020/24335 [===>..........................] - ETA: 7:01 - loss: 0.4388 - accuracy: 0.0047
 4040/24335 [===>..........................] - ETA: 7:00 - loss: 0.4369 - accuracy: 0.0047
 4060/24335 [====>.........................] - ETA: 7:00 - loss: 0.4350 - accuracy: 0.0047
 4080/24335 [====>.........................] - ETA: 6:59 - loss: 0.4331 - accuracy: 0.0047
 4100/24335 [====>.........................] - ETA: 6:59 - loss: 0.4316 - accuracy: 0.0046
 4120/24335 [====>.........................] - ETA: 6:58 - loss: 0.4298 - accuracy: 0.0046
 4140/24335 [====>.........................] - ETA: 6:58 - loss: 0.4279 - accuracy: 0.0046
 4160/24335 [====>.........................] - ETA: 6:57 - loss: 0.4261 - accuracy: 0.0046
 4180/24335 [====>.........................] - ETA: 6:57 - loss: 0.4245 - accuracy: 0.0045
 4200/24335 [====>.........................] - ETA: 6:57 - loss: 0.4230 - accuracy: 0.0045
 4220/24335 [====>.........................] - ETA: 6:56 - loss: 0.4213 - accuracy: 0.0045
 4240/24335 [====>.........................] - ETA: 6:56 - loss: 0.4197 - accuracy: 0.0045
 4260/24335 [====>.........................] - ETA: 6:56 - loss: 0.4181 - accuracy: 0.0045
 4280/24335 [====>.........................] - ETA: 6:55 - loss: 0.4166 - accuracy: 0.0044
 4300/24335 [====>.........................] - ETA: 6:55 - loss: 0.4150 - accuracy: 0.0044
 4320/24335 [====>.........................] - ETA: 6:54 - loss: 0.4134 - accuracy: 0.0044
 4340/24335 [====>.........................] - ETA: 6:54 - loss: 0.4119 - accuracy: 0.0044
 4360/24335 [====>.........................] - ETA: 6:53 - loss: 0.4105 - accuracy: 0.0044
 4380/24335 [====>.........................] - ETA: 6:53 - loss: 0.4091 - accuracy: 0.0043
 4400/24335 [====>.........................] - ETA: 6:53 - loss: 0.4077 - accuracy: 0.0043
 4420/24335 [====>.........................] - ETA: 6:52 - loss: 0.4064 - accuracy: 0.0043
 4440/24335 [====>.........................] - ETA: 6:52 - loss: 0.4049 - accuracy: 0.0043
 4460/24335 [====>.........................] - ETA: 6:51 - loss: 0.4037 - accuracy: 0.0045
 4480/24335 [====>.........................] - ETA: 6:51 - loss: 0.4020 - accuracy: 0.0045
 4500/24335 [====>.........................] - ETA: 6:51 - loss: 0.4006 - accuracy: 0.0044
 4520/24335 [====>.........................] - ETA: 6:50 - loss: 0.3990 - accuracy: 0.0046
 4540/24335 [====>.........................] - ETA: 6:50 - loss: 0.3977 - accuracy: 0.0046
 4560/24335 [====>.........................] - ETA: 6:49 - loss: 0.3964 - accuracy: 0.0048
 4580/24335 [====>.........................] - ETA: 6:49 - loss: 0.3953 - accuracy: 0.0048
 4600/24335 [====>.........................] - ETA: 6:48 - loss: 0.3938 - accuracy: 0.0050
 4620/24335 [====>.........................] - ETA: 6:48 - loss: 0.3923 - accuracy: 0.0050
 4640/24335 [====>.........................] - ETA: 6:47 - loss: 0.3910 - accuracy: 0.0052
 4660/24335 [====>.........................] - ETA: 6:47 - loss: 0.3897 - accuracy: 0.0052
 4680/24335 [====>.........................] - ETA: 6:47 - loss: 0.3883 - accuracy: 0.0051
 4700/24335 [====>.........................] - ETA: 6:46 - loss: 0.3868 - accuracy: 0.0051
 4720/24335 [====>.........................] - ETA: 6:46 - loss: 0.3855 - accuracy: 0.0051
 4740/24335 [====>.........................] - ETA: 6:46 - loss: 0.3842 - accuracy: 0.0051
 4760/24335 [====>.........................] - ETA: 6:45 - loss: 0.3830 - accuracy: 0.0050
 4780/24335 [====>.........................] - ETA: 6:45 - loss: 0.3822 - accuracy: 0.0050
 4800/24335 [====>.........................] - ETA: 6:44 - loss: 0.3810 - accuracy: 0.0050
 4820/24335 [====>.........................] - ETA: 6:44 - loss: 0.3797 - accuracy: 0.0050
 4840/24335 [====>.........................] - ETA: 6:43 - loss: 0.3783 - accuracy: 0.0050
 4860/24335 [====>.........................] - ETA: 6:43 - loss: 0.3770 - accuracy: 0.0049
 4880/24335 [=====>........................] - ETA: 6:42 - loss: 0.3759 - accuracy: 0.0051
 4900/24335 [=====>........................] - ETA: 6:42 - loss: 0.3748 - accuracy: 0.0051
 4920/24335 [=====>........................] - ETA: 6:41 - loss: 0.3735 - accuracy: 0.0051
 4940/24335 [=====>........................] - ETA: 6:41 - loss: 0.3722 - accuracy: 0.0051
 4960/24335 [=====>........................] - ETA: 6:40 - loss: 0.3709 - accuracy: 0.0050
 4980/24335 [=====>........................] - ETA: 6:40 - loss: 0.3696 - accuracy: 0.0054
 5000/24335 [=====>........................] - ETA: 6:40 - loss: 0.3683 - accuracy: 0.0054
 5020/24335 [=====>........................] - ETA: 6:39 - loss: 0.3670 - accuracy: 0.0056
 5040/24335 [=====>........................] - ETA: 6:39 - loss: 0.3658 - accuracy: 0.0056
 5060/24335 [=====>........................] - ETA: 6:38 - loss: 0.3645 - accuracy: 0.0055
 5080/24335 [=====>........................] - ETA: 6:38 - loss: 0.3650 - accuracy: 0.0055
 5100/24335 [=====>........................] - ETA: 6:37 - loss: 0.3638 - accuracy: 0.0055
 5120/24335 [=====>........................] - ETA: 6:37 - loss: 0.3627 - accuracy: 0.0055
 5140/24335 [=====>........................] - ETA: 6:36 - loss: 0.3616 - accuracy: 0.0056
 5160/24335 [=====>........................] - ETA: 6:36 - loss: 0.3605 - accuracy: 0.0056
 5180/24335 [=====>........................] - ETA: 6:36 - loss: 0.3593 - accuracy: 0.0056
 5200/24335 [=====>........................] - ETA: 6:35 - loss: 0.3582 - accuracy: 0.0056
 5220/24335 [=====>........................] - ETA: 6:35 - loss: 0.3570 - accuracy: 0.0056
 5240/24335 [=====>........................] - ETA: 6:34 - loss: 0.3559 - accuracy: 0.0055
 5260/24335 [=====>........................] - ETA: 6:34 - loss: 0.3548 - accuracy: 0.0055
 5280/24335 [=====>........................] - ETA: 6:34 - loss: 0.3537 - accuracy: 0.0055
 5300/24335 [=====>........................] - ETA: 6:33 - loss: 0.3527 - accuracy: 0.0055
 5320/24335 [=====>........................] - ETA: 6:33 - loss: 0.3515 - accuracy: 0.0056
 5340/24335 [=====>........................] - ETA: 6:32 - loss: 0.3506 - accuracy: 0.0056
 5360/24335 [=====>........................] - ETA: 6:32 - loss: 0.3495 - accuracy: 0.0056
 5380/24335 [=====>........................] - ETA: 6:31 - loss: 0.3483 - accuracy: 0.0056
 5400/24335 [=====>........................] - ETA: 6:31 - loss: 0.3475 - accuracy: 0.0056
 5420/24335 [=====>........................] - ETA: 6:30 - loss: 0.3463 - accuracy: 0.0055
 5440/24335 [=====>........................] - ETA: 6:30 - loss: 0.3452 - accuracy: 0.0055
 5460/24335 [=====>........................] - ETA: 6:29 - loss: 0.3442 - accuracy: 0.0055
 5480/24335 [=====>........................] - ETA: 6:29 - loss: 0.3431 - accuracy: 0.0055
 5500/24335 [=====>........................] - ETA: 6:28 - loss: 0.3421 - accuracy: 0.0055
 5520/24335 [=====>........................] - ETA: 6:28 - loss: 0.3411 - accuracy: 0.0054
 5540/24335 [=====>........................] - ETA: 6:28 - loss: 0.3400 - accuracy: 0.0054
 5560/24335 [=====>........................] - ETA: 6:27 - loss: 0.3390 - accuracy: 0.0054
 5580/24335 [=====>........................] - ETA: 6:27 - loss: 0.3379 - accuracy: 0.0054
 5600/24335 [=====>........................] - ETA: 6:26 - loss: 0.3372 - accuracy: 0.0055
 5620/24335 [=====>........................] - ETA: 6:26 - loss: 0.3361 - accuracy: 0.0055
 5640/24335 [=====>........................] - ETA: 6:25 - loss: 0.3351 - accuracy: 0.0055
 5660/24335 [=====>........................] - ETA: 6:25 - loss: 0.3341 - accuracy: 0.0055
 5680/24335 [======>.......................] - ETA: 6:25 - loss: 0.3330 - accuracy: 0.0055
 5700/24335 [======>.......................] - ETA: 6:24 - loss: 0.3322 - accuracy: 0.0056
 5720/24335 [======>.......................] - ETA: 6:24 - loss: 0.3312 - accuracy: 0.0056
 5740/24335 [======>.......................] - ETA: 6:23 - loss: 0.3301 - accuracy: 0.0057
 5760/24335 [======>.......................] - ETA: 6:23 - loss: 0.3292 - accuracy: 0.0057
 5780/24335 [======>.......................] - ETA: 6:23 - loss: 0.3287 - accuracy: 0.0059
 5800/24335 [======>.......................] - ETA: 6:22 - loss: 0.3277 - accuracy: 0.0059
 5820/24335 [======>.......................] - ETA: 6:22 - loss: 0.3268 - accuracy: 0.0058
 5840/24335 [======>.......................] - ETA: 6:21 - loss: 0.3260 - accuracy: 0.0058
 5860/24335 [======>.......................] - ETA: 6:21 - loss: 0.3250 - accuracy: 0.0058
 5880/24335 [======>.......................] - ETA: 6:20 - loss: 0.3244 - accuracy: 0.0058
 5900/24335 [======>.......................] - ETA: 6:20 - loss: 0.3235 - accuracy: 0.0061
 5920/24335 [======>.......................] - ETA: 6:19 - loss: 0.3225 - accuracy: 0.0061
 5940/24335 [======>.......................] - ETA: 6:19 - loss: 0.3217 - accuracy: 0.0061
 5960/24335 [======>.......................] - ETA: 6:19 - loss: 0.3208 - accuracy: 0.0060
 5980/24335 [======>.......................] - ETA: 6:18 - loss: 0.3199 - accuracy: 0.0060
 6000/24335 [======>.......................] - ETA: 6:18 - loss: 0.3194 - accuracy: 0.0060
 6020/24335 [======>.......................] - ETA: 6:17 - loss: 0.3186 - accuracy: 0.0060
 6040/24335 [======>.......................] - ETA: 6:17 - loss: 0.3178 - accuracy: 0.0061
 6060/24335 [======>.......................] - ETA: 6:16 - loss: 0.3169 - accuracy: 0.0061
 6080/24335 [======>.......................] - ETA: 6:16 - loss: 0.3160 - accuracy: 0.0061
 6100/24335 [======>.......................] - ETA: 6:16 - loss: 0.3151 - accuracy: 0.0061
 6120/24335 [======>.......................] - ETA: 6:15 - loss: 0.3145 - accuracy: 0.0060
 6140/24335 [======>.......................] - ETA: 6:15 - loss: 0.3136 - accuracy: 0.0060
 6160/24335 [======>.......................] - ETA: 6:15 - loss: 0.3129 - accuracy: 0.0060
 6180/24335 [======>.......................] - ETA: 6:14 - loss: 0.3122 - accuracy: 0.0061
 6200/24335 [======>.......................] - ETA: 6:14 - loss: 0.3114 - accuracy: 0.0061
 6220/24335 [======>.......................] - ETA: 6:13 - loss: 0.3106 - accuracy: 0.0061
 6240/24335 [======>.......................] - ETA: 6:13 - loss: 0.3099 - accuracy: 0.0063
 6260/24335 [======>.......................] - ETA: 6:12 - loss: 0.3090 - accuracy: 0.0062
 6280/24335 [======>.......................] - ETA: 6:12 - loss: 0.3082 - accuracy: 0.0062
 6300/24335 [======>.......................] - ETA: 6:12 - loss: 0.3073 - accuracy: 0.0062
 6320/24335 [======>.......................] - ETA: 6:11 - loss: 0.3067 - accuracy: 0.0062
 6340/24335 [======>.......................] - ETA: 6:11 - loss: 0.3061 - accuracy: 0.0062
 6360/24335 [======>.......................] - ETA: 6:11 - loss: 0.3068 - accuracy: 0.0061
 6380/24335 [======>.......................] - ETA: 6:10 - loss: 0.3060 - accuracy: 0.0061
 6400/24335 [======>.......................] - ETA: 6:10 - loss: 0.3053 - accuracy: 0.0061
 6420/24335 [======>.......................] - ETA: 6:09 - loss: 0.3046 - accuracy: 0.0062
 6440/24335 [======>.......................] - ETA: 6:09 - loss: 0.3038 - accuracy: 0.0062
 6460/24335 [======>.......................] - ETA: 6:08 - loss: 0.3030 - accuracy: 0.0062
 6480/24335 [======>.......................] - ETA: 6:08 - loss: 0.3023 - accuracy: 0.0062
 6500/24335 [=======>......................] - ETA: 6:08 - loss: 0.3015 - accuracy: 0.0062
 6520/24335 [=======>......................] - ETA: 6:07 - loss: 0.3007 - accuracy: 0.0061
 6540/24335 [=======>......................] - ETA: 6:07 - loss: 0.2999 - accuracy: 0.0061
 6560/24335 [=======>......................] - ETA: 6:06 - loss: 0.2991 - accuracy: 0.0061
 6580/24335 [=======>......................] - ETA: 6:06 - loss: 0.2983 - accuracy: 0.0061
 6600/24335 [=======>......................] - ETA: 6:06 - loss: 0.2975 - accuracy: 0.0061
 6620/24335 [=======>......................] - ETA: 6:05 - loss: 0.2967 - accuracy: 0.0060
 6640/24335 [=======>......................] - ETA: 6:05 - loss: 0.2960 - accuracy: 0.0060
 6660/24335 [=======>......................] - ETA: 6:05 - loss: 0.2953 - accuracy: 0.0060
 6680/24335 [=======>......................] - ETA: 6:04 - loss: 0.2946 - accuracy: 0.0060
 6700/24335 [=======>......................] - ETA: 6:04 - loss: 0.2939 - accuracy: 0.0060
 6720/24335 [=======>......................] - ETA: 6:03 - loss: 0.2933 - accuracy: 0.0060
 6740/24335 [=======>......................] - ETA: 6:03 - loss: 0.2925 - accuracy: 0.0059
 6760/24335 [=======>......................] - ETA: 6:02 - loss: 0.2918 - accuracy: 0.0059
 6780/24335 [=======>......................] - ETA: 6:02 - loss: 0.2912 - accuracy: 0.0059
 6800/24335 [=======>......................] - ETA: 6:02 - loss: 0.2904 - accuracy: 0.0059
 6820/24335 [=======>......................] - ETA: 6:01 - loss: 0.2898 - accuracy: 0.0059
 6840/24335 [=======>......................] - ETA: 6:01 - loss: 0.2913 - accuracy: 0.0058
 6860/24335 [=======>......................] - ETA: 6:00 - loss: 0.2906 - accuracy: 0.0060
 6880/24335 [=======>......................] - ETA: 6:00 - loss: 0.2898 - accuracy: 0.0060
 6900/24335 [=======>......................] - ETA: 5:59 - loss: 0.2896 - accuracy: 0.0059
 6920/24335 [=======>......................] - ETA: 5:59 - loss: 0.2889 - accuracy: 0.0059
 6940/24335 [=======>......................] - ETA: 5:58 - loss: 0.2882 - accuracy: 0.0059
 6960/24335 [=======>......................] - ETA: 5:58 - loss: 0.2877 - accuracy: 0.0059
 6980/24335 [=======>......................] - ETA: 5:57 - loss: 0.2870 - accuracy: 0.0059
 7000/24335 [=======>......................] - ETA: 5:57 - loss: 0.2863 - accuracy: 0.0059
 7020/24335 [=======>......................] - ETA: 5:57 - loss: 0.2857 - accuracy: 0.0058
 7040/24335 [=======>......................] - ETA: 5:56 - loss: 0.2850 - accuracy: 0.0058
 7060/24335 [=======>......................] - ETA: 5:56 - loss: 0.2845 - accuracy: 0.0058
 7080/24335 [=======>......................] - ETA: 5:56 - loss: 0.2839 - accuracy: 0.0059
 7100/24335 [=======>......................] - ETA: 5:55 - loss: 0.2832 - accuracy: 0.0059
 7120/24335 [=======>......................] - ETA: 5:55 - loss: 0.2825 - accuracy: 0.0059
 7140/24335 [=======>......................] - ETA: 5:54 - loss: 0.2819 - accuracy: 0.0059
 7160/24335 [=======>......................] - ETA: 5:54 - loss: 0.2813 - accuracy: 0.0059
 7180/24335 [=======>......................] - ETA: 5:54 - loss: 0.2807 - accuracy: 0.0058
 7200/24335 [=======>......................] - ETA: 5:53 - loss: 0.2801 - accuracy: 0.0058
 7220/24335 [=======>......................] - ETA: 5:53 - loss: 0.2795 - accuracy: 0.0058
 7240/24335 [=======>......................] - ETA: 5:52 - loss: 0.2788 - accuracy: 0.0058
 7260/24335 [=======>......................] - ETA: 5:52 - loss: 0.2783 - accuracy: 0.0058
 7280/24335 [=======>......................] - ETA: 5:51 - loss: 0.2777 - accuracy: 0.0058
 7300/24335 [=======>......................] - ETA: 5:51 - loss: 0.2772 - accuracy: 0.0058
 7320/24335 [========>.....................] - ETA: 5:50 - loss: 0.2765 - accuracy: 0.0057
 7340/24335 [========>.....................] - ETA: 5:50 - loss: 0.2759 - accuracy: 0.0057
 7360/24335 [========>.....................] - ETA: 5:50 - loss: 0.2754 - accuracy: 0.0057
 7380/24335 [========>.....................] - ETA: 5:49 - loss: 0.2748 - accuracy: 0.0057
 7400/24335 [========>.....................] - ETA: 5:49 - loss: 0.2743 - accuracy: 0.0057
 7420/24335 [========>.....................] - ETA: 5:48 - loss: 0.2738 - accuracy: 0.0057
 7440/24335 [========>.....................] - ETA: 5:48 - loss: 0.2732 - accuracy: 0.0056
 7460/24335 [========>.....................] - ETA: 5:48 - loss: 0.2727 - accuracy: 0.0056
 7480/24335 [========>.....................] - ETA: 5:47 - loss: 0.2722 - accuracy: 0.0056
 7500/24335 [========>.....................] - ETA: 5:47 - loss: 0.2716 - accuracy: 0.0056
 7520/24335 [========>.....................] - ETA: 5:46 - loss: 0.2710 - accuracy: 0.0056
 7540/24335 [========>.....................] - ETA: 5:46 - loss: 0.2704 - accuracy: 0.0056
 7560/24335 [========>.....................] - ETA: 5:45 - loss: 0.2700 - accuracy: 0.0056
 7580/24335 [========>.....................] - ETA: 5:45 - loss: 0.2695 - accuracy: 0.0055
 7600/24335 [========>.....................] - ETA: 5:45 - loss: 0.2691 - accuracy: 0.0055
 7620/24335 [========>.....................] - ETA: 5:44 - loss: 0.2685 - accuracy: 0.0055
 7640/24335 [========>.....................] - ETA: 5:44 - loss: 0.2681 - accuracy: 0.0055
 7660/24335 [========>.....................] - ETA: 5:43 - loss: 0.2677 - accuracy: 0.0055
 7680/24335 [========>.....................] - ETA: 5:43 - loss: 0.2673 - accuracy: 0.0055
 7700/24335 [========>.....................] - ETA: 5:42 - loss: 0.2668 - accuracy: 0.0055
 7720/24335 [========>.....................] - ETA: 5:42 - loss: 0.2662 - accuracy: 0.0054
 7740/24335 [========>.....................] - ETA: 5:42 - loss: 0.2656 - accuracy: 0.0054
 7760/24335 [========>.....................] - ETA: 5:41 - loss: 0.2650 - accuracy: 0.0054
 7780/24335 [========>.....................] - ETA: 5:41 - loss: 0.2645 - accuracy: 0.0054
 7800/24335 [========>.....................] - ETA: 5:40 - loss: 0.2639 - accuracy: 0.0054
 7820/24335 [========>.....................] - ETA: 5:40 - loss: 0.2634 - accuracy: 0.0054
 7840/24335 [========>.....................] - ETA: 5:39 - loss: 0.2628 - accuracy: 0.0054
 7860/24335 [========>.....................] - ETA: 5:39 - loss: 0.2623 - accuracy: 0.0053
 7880/24335 [========>.....................] - ETA: 5:39 - loss: 0.2618 - accuracy: 0.0053
 7900/24335 [========>.....................] - ETA: 5:38 - loss: 0.2613 - accuracy: 0.0053
 7920/24335 [========>.....................] - ETA: 5:38 - loss: 0.2608 - accuracy: 0.0053
 7940/24335 [========>.....................] - ETA: 5:37 - loss: 0.2603 - accuracy: 0.0053
 7960/24335 [========>.....................] - ETA: 5:37 - loss: 0.2599 - accuracy: 0.0053
 7980/24335 [========>.....................] - ETA: 5:36 - loss: 0.2594 - accuracy: 0.0053
 8000/24335 [========>.....................] - ETA: 5:36 - loss: 0.2588 - accuracy: 0.0052
 8020/24335 [========>.....................] - ETA: 5:36 - loss: 0.2582 - accuracy: 0.0054
 8040/24335 [========>.....................] - ETA: 5:35 - loss: 0.2577 - accuracy: 0.0056
 8060/24335 [========>.....................] - ETA: 5:35 - loss: 0.2573 - accuracy: 0.0056
 8080/24335 [========>.....................] - ETA: 5:34 - loss: 0.2568 - accuracy: 0.0056
 8100/24335 [========>.....................] - ETA: 5:34 - loss: 0.2563 - accuracy: 0.0056
 8120/24335 [=========>....................] - ETA: 5:34 - loss: 0.2559 - accuracy: 0.0055
 8140/24335 [=========>....................] - ETA: 5:33 - loss: 0.2554 - accuracy: 0.0055
 8160/24335 [=========>....................] - ETA: 5:33 - loss: 0.2549 - accuracy: 0.0055
 8180/24335 [=========>....................] - ETA: 5:32 - loss: 0.2543 - accuracy: 0.0055
 8200/24335 [=========>....................] - ETA: 5:32 - loss: 0.2538 - accuracy: 0.0055
 8220/24335 [=========>....................] - ETA: 5:31 - loss: 0.2533 - accuracy: 0.0055
 8240/24335 [=========>....................] - ETA: 5:31 - loss: 0.2529 - accuracy: 0.0055
 8260/24335 [=========>....................] - ETA: 5:31 - loss: 0.2525 - accuracy: 0.0054
 8280/24335 [=========>....................] - ETA: 5:30 - loss: 0.2523 - accuracy: 0.0054
 8300/24335 [=========>....................] - ETA: 5:30 - loss: 0.2519 - accuracy: 0.0054
 8320/24335 [=========>....................] - ETA: 5:29 - loss: 0.2514 - accuracy: 0.0054
 8340/24335 [=========>....................] - ETA: 5:29 - loss: 0.2509 - accuracy: 0.0054
 8360/24335 [=========>....................] - ETA: 5:29 - loss: 0.2505 - accuracy: 0.0054
 8380/24335 [=========>....................] - ETA: 5:28 - loss: 0.2500 - accuracy: 0.0054
 8400/24335 [=========>....................] - ETA: 5:28 - loss: 0.2496 - accuracy: 0.0055
 8420/24335 [=========>....................] - ETA: 5:27 - loss: 0.2492 - accuracy: 0.0055
 8440/24335 [=========>....................] - ETA: 5:27 - loss: 0.2489 - accuracy: 0.0055
 8460/24335 [=========>....................] - ETA: 5:27 - loss: 0.2485 - accuracy: 0.0054
 8480/24335 [=========>....................] - ETA: 5:26 - loss: 0.2482 - accuracy: 0.0054
 8500/24335 [=========>....................] - ETA: 5:26 - loss: 0.2477 - accuracy: 0.0054
 8520/24335 [=========>....................] - ETA: 5:25 - loss: 0.2476 - accuracy: 0.0054
 8540/24335 [=========>....................] - ETA: 5:25 - loss: 0.2471 - accuracy: 0.0055
 8560/24335 [=========>....................] - ETA: 5:24 - loss: 0.2467 - accuracy: 0.0055
 8580/24335 [=========>....................] - ETA: 5:24 - loss: 0.2463 - accuracy: 0.0055
 8600/24335 [=========>....................] - ETA: 5:24 - loss: 0.2459 - accuracy: 0.0055
 8620/24335 [=========>....................] - ETA: 5:23 - loss: 0.2455 - accuracy: 0.0055
 8640/24335 [=========>....................] - ETA: 5:23 - loss: 0.2451 - accuracy: 0.0054
 8660/24335 [=========>....................] - ETA: 5:23 - loss: 0.2446 - accuracy: 0.0054
 8680/24335 [=========>....................] - ETA: 5:22 - loss: 0.2443 - accuracy: 0.0054
 8700/24335 [=========>....................] - ETA: 5:22 - loss: 0.2438 - accuracy: 0.0055
 8720/24335 [=========>....................] - ETA: 5:21 - loss: 0.2436 - accuracy: 0.0055
 8740/24335 [=========>....................] - ETA: 5:21 - loss: 0.2431 - accuracy: 0.0055
 8760/24335 [=========>....................] - ETA: 5:21 - loss: 0.2427 - accuracy: 0.0055
 8780/24335 [=========>....................] - ETA: 5:20 - loss: 0.2423 - accuracy: 0.0055
 8800/24335 [=========>....................] - ETA: 5:20 - loss: 0.2420 - accuracy: 0.0055
 8820/24335 [=========>....................] - ETA: 5:19 - loss: 0.2417 - accuracy: 0.0054
 8840/24335 [=========>....................] - ETA: 5:19 - loss: 0.2413 - accuracy: 0.0054
 8860/24335 [=========>....................] - ETA: 5:18 - loss: 0.2409 - accuracy: 0.0054
 8880/24335 [=========>....................] - ETA: 5:18 - loss: 0.2406 - accuracy: 0.0054
 8900/24335 [=========>....................] - ETA: 5:18 - loss: 0.2402 - accuracy: 0.0054
 8920/24335 [=========>....................] - ETA: 5:17 - loss: 0.2399 - accuracy: 0.0054
 8940/24335 [==========>...................] - ETA: 5:17 - loss: 0.2395 - accuracy: 0.0055
 8960/24335 [==========>...................] - ETA: 5:16 - loss: 0.2391 - accuracy: 0.0055
 8980/24335 [==========>...................] - ETA: 5:16 - loss: 0.2387 - accuracy: 0.0055
 9000/24335 [==========>...................] - ETA: 5:16 - loss: 0.2383 - accuracy: 0.0054
 9020/24335 [==========>...................] - ETA: 5:15 - loss: 0.2380 - accuracy: 0.0054
 9040/24335 [==========>...................] - ETA: 5:15 - loss: 0.2377 - accuracy: 0.0054
 9060/24335 [==========>...................] - ETA: 5:14 - loss: 0.2372 - accuracy: 0.0054
 9080/24335 [==========>...................] - ETA: 5:14 - loss: 0.2370 - accuracy: 0.0054
 9100/24335 [==========>...................] - ETA: 5:14 - loss: 0.2366 - accuracy: 0.0054
 9120/24335 [==========>...................] - ETA: 5:13 - loss: 0.2363 - accuracy: 0.0055
 9140/24335 [==========>...................] - ETA: 5:13 - loss: 0.2360 - accuracy: 0.0055
 9160/24335 [==========>...................] - ETA: 5:12 - loss: 0.2356 - accuracy: 0.0055
 9180/24335 [==========>...................] - ETA: 5:12 - loss: 0.2352 - accuracy: 0.0056
 9200/24335 [==========>...................] - ETA: 5:12 - loss: 0.2348 - accuracy: 0.0055
 9220/24335 [==========>...................] - ETA: 5:11 - loss: 0.2344 - accuracy: 0.0055
 9240/24335 [==========>...................] - ETA: 5:11 - loss: 0.2342 - accuracy: 0.0056
 9260/24335 [==========>...................] - ETA: 5:11 - loss: 0.2340 - accuracy: 0.0056
 9280/24335 [==========>...................] - ETA: 5:10 - loss: 0.2336 - accuracy: 0.0056
 9300/24335 [==========>...................] - ETA: 5:10 - loss: 0.2334 - accuracy: 0.0056
 9320/24335 [==========>...................] - ETA: 5:09 - loss: 0.2329 - accuracy: 0.0056
 9340/24335 [==========>...................] - ETA: 5:09 - loss: 0.2326 - accuracy: 0.0056
 9360/24335 [==========>...................] - ETA: 5:08 - loss: 0.2322 - accuracy: 0.0056
 9380/24335 [==========>...................] - ETA: 5:08 - loss: 0.2319 - accuracy: 0.0055
 9400/24335 [==========>...................] - ETA: 5:08 - loss: 0.2315 - accuracy: 0.0055
 9420/24335 [==========>...................] - ETA: 5:07 - loss: 0.2312 - accuracy: 0.0055
 9440/24335 [==========>...................] - ETA: 5:07 - loss: 0.2308 - accuracy: 0.0055
 9460/24335 [==========>...................] - ETA: 5:06 - loss: 0.2305 - accuracy: 0.0055
 9480/24335 [==========>...................] - ETA: 5:06 - loss: 0.2304 - accuracy: 0.0055
 9500/24335 [==========>...................] - ETA: 5:05 - loss: 0.2301 - accuracy: 0.0055
 9520/24335 [==========>...................] - ETA: 5:05 - loss: 0.2297 - accuracy: 0.0055
 9540/24335 [==========>...................] - ETA: 5:05 - loss: 0.2295 - accuracy: 0.0055
 9560/24335 [==========>...................] - ETA: 5:04 - loss: 0.2292 - accuracy: 0.0054
 9580/24335 [==========>...................] - ETA: 5:04 - loss: 0.2288 - accuracy: 0.0054
 9600/24335 [==========>...................] - ETA: 5:03 - loss: 0.2286 - accuracy: 0.0054
 9620/24335 [==========>...................] - ETA: 5:03 - loss: 0.2283 - accuracy: 0.0054
 9640/24335 [==========>...................] - ETA: 5:03 - loss: 0.2279 - accuracy: 0.0054
 9660/24335 [==========>...................] - ETA: 5:02 - loss: 0.2277 - accuracy: 0.0054
 9680/24335 [==========>...................] - ETA: 5:02 - loss: 0.2275 - accuracy: 0.0054
 9700/24335 [==========>...................] - ETA: 5:01 - loss: 0.2272 - accuracy: 0.0054
 9720/24335 [==========>...................] - ETA: 5:01 - loss: 0.2269 - accuracy: 0.0053
 9740/24335 [===========>..................] - ETA: 5:01 - loss: 0.2265 - accuracy: 0.0053
 9760/24335 [===========>..................] - ETA: 5:00 - loss: 0.2262 - accuracy: 0.0053
 9780/24335 [===========>..................] - ETA: 5:00 - loss: 0.2259 - accuracy: 0.0053
 9800/24335 [===========>..................] - ETA: 4:59 - loss: 0.2256 - accuracy: 0.0053
 9820/24335 [===========>..................] - ETA: 4:59 - loss: 0.2253 - accuracy: 0.0053
 9840/24335 [===========>..................] - ETA: 4:59 - loss: 0.2255 - accuracy: 0.0053
 9860/24335 [===========>..................] - ETA: 4:58 - loss: 0.2252 - accuracy: 0.0053
 9880/24335 [===========>..................] - ETA: 4:58 - loss: 0.2248 - accuracy: 0.0053
 9900/24335 [===========>..................] - ETA: 4:57 - loss: 0.2244 - accuracy: 0.0053
 9920/24335 [===========>..................] - ETA: 4:57 - loss: 0.2241 - accuracy: 0.0052
 9940/24335 [===========>..................] - ETA: 4:56 - loss: 0.2239 - accuracy: 0.0052
 9960/24335 [===========>..................] - ETA: 4:56 - loss: 0.2235 - accuracy: 0.0052
 9980/24335 [===========>..................] - ETA: 4:56 - loss: 0.2231 - accuracy: 0.0052
10000/24335 [===========>..................] - ETA: 4:55 - loss: 0.2228 - accuracy: 0.0052
10020/24335 [===========>..................] - ETA: 4:55 - loss: 0.2225 - accuracy: 0.0052
10040/24335 [===========>..................] - ETA: 4:55 - loss: 0.2221 - accuracy: 0.0052
10060/24335 [===========>..................] - ETA: 4:54 - loss: 0.2218 - accuracy: 0.0052
10080/24335 [===========>..................] - ETA: 4:54 - loss: 0.2216 - accuracy: 0.0052
10100/24335 [===========>..................] - ETA: 4:53 - loss: 0.2212 - accuracy: 0.0051
10120/24335 [===========>..................] - ETA: 4:53 - loss: 0.2208 - accuracy: 0.0051
10140/24335 [===========>..................] - ETA: 4:52 - loss: 0.2210 - accuracy: 0.0051
10160/24335 [===========>..................] - ETA: 4:52 - loss: 0.2207 - accuracy: 0.0052
10180/24335 [===========>..................] - ETA: 4:52 - loss: 0.2204 - accuracy: 0.0052
10200/24335 [===========>..................] - ETA: 4:51 - loss: 0.2200 - accuracy: 0.0052
10220/24335 [===========>..................] - ETA: 4:51 - loss: 0.2198 - accuracy: 0.0054
10240/24335 [===========>..................] - ETA: 4:50 - loss: 0.2196 - accuracy: 0.0054
10260/24335 [===========>..................] - ETA: 4:50 - loss: 0.2192 - accuracy: 0.0054
10280/24335 [===========>..................] - ETA: 4:50 - loss: 0.2190 - accuracy: 0.0054
10300/24335 [===========>..................] - ETA: 4:49 - loss: 0.2186 - accuracy: 0.0053
10320/24335 [===========>..................] - ETA: 4:49 - loss: 0.2183 - accuracy: 0.0053
10340/24335 [===========>..................] - ETA: 4:48 - loss: 0.2182 - accuracy: 0.0053
10360/24335 [===========>..................] - ETA: 4:48 - loss: 0.2179 - accuracy: 0.0053
10380/24335 [===========>..................] - ETA: 4:47 - loss: 0.2176 - accuracy: 0.0054
10400/24335 [===========>..................] - ETA: 4:47 - loss: 0.2173 - accuracy: 0.0054
10420/24335 [===========>..................] - ETA: 4:47 - loss: 0.2169 - accuracy: 0.0054
10440/24335 [===========>..................] - ETA: 4:46 - loss: 0.2166 - accuracy: 0.0054
10460/24335 [===========>..................] - ETA: 4:46 - loss: 0.2162 - accuracy: 0.0054
10480/24335 [===========>..................] - ETA: 4:45 - loss: 0.2160 - accuracy: 0.0053
10500/24335 [===========>..................] - ETA: 4:45 - loss: 0.2157 - accuracy: 0.0053
10520/24335 [===========>..................] - ETA: 4:45 - loss: 0.2154 - accuracy: 0.0053
10540/24335 [===========>..................] - ETA: 4:44 - loss: 0.2152 - accuracy: 0.0053
10560/24335 [============>.................] - ETA: 4:44 - loss: 0.2150 - accuracy: 0.0053
10580/24335 [============>.................] - ETA: 4:43 - loss: 0.2147 - accuracy: 0.0053
10600/24335 [============>.................] - ETA: 4:43 - loss: 0.2143 - accuracy: 0.0053
10620/24335 [============>.................] - ETA: 4:42 - loss: 0.2140 - accuracy: 0.0053
10640/24335 [============>.................] - ETA: 4:42 - loss: 0.2137 - accuracy: 0.0053
10660/24335 [============>.................] - ETA: 4:42 - loss: 0.2134 - accuracy: 0.0053
10680/24335 [============>.................] - ETA: 4:41 - loss: 0.2132 - accuracy: 0.0052
10700/24335 [============>.................] - ETA: 4:41 - loss: 0.2130 - accuracy: 0.0052
10720/24335 [============>.................] - ETA: 4:40 - loss: 0.2131 - accuracy: 0.0052
10740/24335 [============>.................] - ETA: 4:40 - loss: 0.2128 - accuracy: 0.0052
10760/24335 [============>.................] - ETA: 4:39 - loss: 0.2125 - accuracy: 0.0052
10780/24335 [============>.................] - ETA: 4:39 - loss: 0.2122 - accuracy: 0.0052
10800/24335 [============>.................] - ETA: 4:39 - loss: 0.2121 - accuracy: 0.0052
10820/24335 [============>.................] - ETA: 4:38 - loss: 0.2118 - accuracy: 0.0052
10840/24335 [============>.................] - ETA: 4:38 - loss: 0.2115 - accuracy: 0.0052
10860/24335 [============>.................] - ETA: 4:38 - loss: 0.2113 - accuracy: 0.0052
10880/24335 [============>.................] - ETA: 4:37 - loss: 0.2109 - accuracy: 0.0051
10900/24335 [============>.................] - ETA: 4:37 - loss: 0.2107 - accuracy: 0.0051
10920/24335 [============>.................] - ETA: 4:36 - loss: 0.2104 - accuracy: 0.0051
10940/24335 [============>.................] - ETA: 4:36 - loss: 0.2101 - accuracy: 0.0051
10960/24335 [============>.................] - ETA: 4:36 - loss: 0.2098 - accuracy: 0.0051
10980/24335 [============>.................] - ETA: 4:35 - loss: 0.2096 - accuracy: 0.0052
11000/24335 [============>.................] - ETA: 4:35 - loss: 0.2094 - accuracy: 0.0052
11020/24335 [============>.................] - ETA: 4:34 - loss: 0.2091 - accuracy: 0.0052
11040/24335 [============>.................] - ETA: 4:34 - loss: 0.2088 - accuracy: 0.0052
11060/24335 [============>.................] - ETA: 4:34 - loss: 0.2085 - accuracy: 0.0052
11080/24335 [============>.................] - ETA: 4:33 - loss: 0.2083 - accuracy: 0.0051
11100/24335 [============>.................] - ETA: 4:33 - loss: 0.2080 - accuracy: 0.0051
11120/24335 [============>.................] - ETA: 4:32 - loss: 0.2077 - accuracy: 0.0051
11140/24335 [============>.................] - ETA: 4:32 - loss: 0.2074 - accuracy: 0.0052
11160/24335 [============>.................] - ETA: 4:32 - loss: 0.2072 - accuracy: 0.0052
11180/24335 [============>.................] - ETA: 4:31 - loss: 0.2070 - accuracy: 0.0052
11200/24335 [============>.................] - ETA: 4:31 - loss: 0.2067 - accuracy: 0.0052
11220/24335 [============>.................] - ETA: 4:30 - loss: 0.2065 - accuracy: 0.0052
11240/24335 [============>.................] - ETA: 4:30 - loss: 0.2063 - accuracy: 0.0052
11260/24335 [============>.................] - ETA: 4:29 - loss: 0.2060 - accuracy: 0.0052
11280/24335 [============>.................] - ETA: 4:29 - loss: 0.2058 - accuracy: 0.0051
11300/24335 [============>.................] - ETA: 4:29 - loss: 0.2056 - accuracy: 0.0052
11320/24335 [============>.................] - ETA: 4:28 - loss: 0.2053 - accuracy: 0.0053
11340/24335 [============>.................] - ETA: 4:28 - loss: 0.2050 - accuracy: 0.0053
11360/24335 [=============>................] - ETA: 4:27 - loss: 0.2048 - accuracy: 0.0053
11380/24335 [=============>................] - ETA: 4:27 - loss: 0.2045 - accuracy: 0.0054
11400/24335 [=============>................] - ETA: 4:26 - loss: 0.2042 - accuracy: 0.0054
11420/24335 [=============>................] - ETA: 4:26 - loss: 0.2039 - accuracy: 0.0053
11440/24335 [=============>................] - ETA: 4:26 - loss: 0.2037 - accuracy: 0.0053
11460/24335 [=============>................] - ETA: 4:25 - loss: 0.2036 - accuracy: 0.0053
11480/24335 [=============>................] - ETA: 4:25 - loss: 0.2033 - accuracy: 0.0053
11500/24335 [=============>................] - ETA: 4:24 - loss: 0.2030 - accuracy: 0.0053
11520/24335 [=============>................] - ETA: 4:24 - loss: 0.2028 - accuracy: 0.0053
11540/24335 [=============>................] - ETA: 4:24 - loss: 0.2027 - accuracy: 0.0053
11560/24335 [=============>................] - ETA: 4:23 - loss: 0.2024 - accuracy: 0.0054
11580/24335 [=============>................] - ETA: 4:23 - loss: 0.2022 - accuracy: 0.0054
11600/24335 [=============>................] - ETA: 4:22 - loss: 0.2021 - accuracy: 0.0053
11620/24335 [=============>................] - ETA: 4:22 - loss: 0.2018 - accuracy: 0.0053
11640/24335 [=============>................] - ETA: 4:22 - loss: 0.2016 - accuracy: 0.0053
11660/24335 [=============>................] - ETA: 4:21 - loss: 0.2013 - accuracy: 0.0053
11680/24335 [=============>................] - ETA: 4:21 - loss: 0.2011 - accuracy: 0.0054
11700/24335 [=============>................] - ETA: 4:20 - loss: 0.2008 - accuracy: 0.0054
11720/24335 [=============>................] - ETA: 4:20 - loss: 0.2006 - accuracy: 0.0054
11740/24335 [=============>................] - ETA: 4:20 - loss: 0.2005 - accuracy: 0.0055
11760/24335 [=============>................] - ETA: 4:19 - loss: 0.2002 - accuracy: 0.0054
11780/24335 [=============>................] - ETA: 4:19 - loss: 0.2000 - accuracy: 0.0054
11800/24335 [=============>................] - ETA: 4:18 - loss: 0.1998 - accuracy: 0.0054
11820/24335 [=============>................] - ETA: 4:18 - loss: 0.1996 - accuracy: 0.0055
11840/24335 [=============>................] - ETA: 4:18 - loss: 0.1993 - accuracy: 0.0056
11860/24335 [=============>................] - ETA: 4:17 - loss: 0.1992 - accuracy: 0.0056
11880/24335 [=============>................] - ETA: 4:17 - loss: 0.1990 - accuracy: 0.0056
11900/24335 [=============>................] - ETA: 4:16 - loss: 0.1988 - accuracy: 0.0055
11920/24335 [=============>................] - ETA: 4:16 - loss: 0.1986 - accuracy: 0.0055
11940/24335 [=============>................] - ETA: 4:15 - loss: 0.1984 - accuracy: 0.0055
11960/24335 [=============>................] - ETA: 4:15 - loss: 0.1981 - accuracy: 0.0055
11980/24335 [=============>................] - ETA: 4:15 - loss: 0.1979 - accuracy: 0.0055
12000/24335 [=============>................] - ETA: 4:14 - loss: 0.1976 - accuracy: 0.0055
12020/24335 [=============>................] - ETA: 4:14 - loss: 0.1974 - accuracy: 0.0055
12040/24335 [=============>................] - ETA: 4:13 - loss: 0.1972 - accuracy: 0.0055
12060/24335 [=============>................] - ETA: 4:13 - loss: 0.1970 - accuracy: 0.0055
12080/24335 [=============>................] - ETA: 4:13 - loss: 0.1968 - accuracy: 0.0055
12100/24335 [=============>................] - ETA: 4:12 - loss: 0.1966 - accuracy: 0.0055
12120/24335 [=============>................] - ETA: 4:12 - loss: 0.1964 - accuracy: 0.0054
12140/24335 [=============>................] - ETA: 4:11 - loss: 0.1962 - accuracy: 0.0054
12160/24335 [=============>................] - ETA: 4:11 - loss: 0.1960 - accuracy: 0.0054
12180/24335 [==============>...............] - ETA: 4:10 - loss: 0.1958 - accuracy: 0.0054
12200/24335 [==============>...............] - ETA: 4:10 - loss: 0.1957 - accuracy: 0.0054
12220/24335 [==============>...............] - ETA: 4:10 - loss: 0.1955 - accuracy: 0.0054
12240/24335 [==============>...............] - ETA: 4:09 - loss: 0.1953 - accuracy: 0.0054
12260/24335 [==============>...............] - ETA: 4:09 - loss: 0.1950 - accuracy: 0.0054
12280/24335 [==============>...............] - ETA: 4:08 - loss: 0.1953 - accuracy: 0.0054
12300/24335 [==============>...............] - ETA: 4:08 - loss: 0.1953 - accuracy: 0.0054
12320/24335 [==============>...............] - ETA: 4:08 - loss: 0.1950 - accuracy: 0.0054
12340/24335 [==============>...............] - ETA: 4:07 - loss: 0.1948 - accuracy: 0.0053
12360/24335 [==============>...............] - ETA: 4:07 - loss: 0.1946 - accuracy: 0.0054
12380/24335 [==============>...............] - ETA: 4:06 - loss: 0.1944 - accuracy: 0.0054
12400/24335 [==============>...............] - ETA: 4:06 - loss: 0.1974 - accuracy: 0.0054
12420/24335 [==============>...............] - ETA: 4:05 - loss: 0.1973 - accuracy: 0.0054
12440/24335 [==============>...............] - ETA: 4:05 - loss: 0.1970 - accuracy: 0.0054
12460/24335 [==============>...............] - ETA: 4:05 - loss: 0.1968 - accuracy: 0.0054
12480/24335 [==============>...............] - ETA: 4:04 - loss: 0.1966 - accuracy: 0.0054
12500/24335 [==============>...............] - ETA: 4:04 - loss: 0.1964 - accuracy: 0.0054
12520/24335 [==============>...............] - ETA: 4:03 - loss: 0.1964 - accuracy: 0.0054
12540/24335 [==============>...............] - ETA: 4:03 - loss: 0.1962 - accuracy: 0.0053
12560/24335 [==============>...............] - ETA: 4:03 - loss: 0.1960 - accuracy: 0.0053
12580/24335 [==============>...............] - ETA: 4:02 - loss: 0.1958 - accuracy: 0.0053
12600/24335 [==============>...............] - ETA: 4:02 - loss: 0.1956 - accuracy: 0.0053
12620/24335 [==============>...............] - ETA: 4:01 - loss: 0.1954 - accuracy: 0.0053
12640/24335 [==============>...............] - ETA: 4:01 - loss: 0.1952 - accuracy: 0.0053
12660/24335 [==============>...............] - ETA: 4:00 - loss: 0.1950 - accuracy: 0.0053
12680/24335 [==============>...............] - ETA: 4:00 - loss: 0.1947 - accuracy: 0.0053
12700/24335 [==============>...............] - ETA: 4:00 - loss: 0.1945 - accuracy: 0.0053
12720/24335 [==============>...............] - ETA: 3:59 - loss: 0.1943 - accuracy: 0.0053
12740/24335 [==============>...............] - ETA: 3:59 - loss: 0.1941 - accuracy: 0.0053
12760/24335 [==============>...............] - ETA: 3:58 - loss: 0.1940 - accuracy: 0.0053
12780/24335 [==============>...............] - ETA: 3:58 - loss: 0.1938 - accuracy: 0.0053
12800/24335 [==============>...............] - ETA: 3:58 - loss: 0.1936 - accuracy: 0.0054
12820/24335 [==============>...............] - ETA: 3:57 - loss: 0.1934 - accuracy: 0.0054
12840/24335 [==============>...............] - ETA: 3:57 - loss: 0.1931 - accuracy: 0.0054
12860/24335 [==============>...............] - ETA: 3:56 - loss: 0.1929 - accuracy: 0.0054
12880/24335 [==============>...............] - ETA: 3:56 - loss: 0.1927 - accuracy: 0.0054
12900/24335 [==============>...............] - ETA: 3:56 - loss: 0.1925 - accuracy: 0.0054
12920/24335 [==============>...............] - ETA: 3:55 - loss: 0.1923 - accuracy: 0.0054
12940/24335 [==============>...............] - ETA: 3:55 - loss: 0.1921 - accuracy: 0.0054
12960/24335 [==============>...............] - ETA: 3:54 - loss: 0.1919 - accuracy: 0.0054
12980/24335 [===============>..............] - ETA: 3:54 - loss: 0.1917 - accuracy: 0.0054
13000/24335 [===============>..............] - ETA: 3:54 - loss: 0.1915 - accuracy: 0.0054
13020/24335 [===============>..............] - ETA: 3:53 - loss: 0.1914 - accuracy: 0.0055
13040/24335 [===============>..............] - ETA: 3:53 - loss: 0.1911 - accuracy: 0.0054
13060/24335 [===============>..............] - ETA: 3:52 - loss: 0.1909 - accuracy: 0.0054
13080/24335 [===============>..............] - ETA: 3:52 - loss: 0.1908 - accuracy: 0.0055
13100/24335 [===============>..............] - ETA: 3:51 - loss: 0.1906 - accuracy: 0.0055
13120/24335 [===============>..............] - ETA: 3:51 - loss: 0.1903 - accuracy: 0.0055
13140/24335 [===============>..............] - ETA: 3:51 - loss: 0.1901 - accuracy: 0.0055
13160/24335 [===============>..............] - ETA: 3:50 - loss: 0.1899 - accuracy: 0.0055
13180/24335 [===============>..............] - ETA: 3:50 - loss: 0.1970 - accuracy: 0.0055
13200/24335 [===============>..............] - ETA: 3:49 - loss: 0.1970 - accuracy: 0.0055
13220/24335 [===============>..............] - ETA: 3:49 - loss: 0.1967 - accuracy: 0.0054
13240/24335 [===============>..............] - ETA: 3:49 - loss: 0.1966 - accuracy: 0.0054
13260/24335 [===============>..............] - ETA: 3:48 - loss: 0.1965 - accuracy: 0.0054
13280/24335 [===============>..............] - ETA: 3:48 - loss: 0.1963 - accuracy: 0.0054
13300/24335 [===============>..............] - ETA: 3:47 - loss: 0.1961 - accuracy: 0.0055
13320/24335 [===============>..............] - ETA: 3:47 - loss: 0.1969 - accuracy: 0.0055
13340/24335 [===============>..............] - ETA: 3:46 - loss: 0.1967 - accuracy: 0.0055
13360/24335 [===============>..............] - ETA: 3:46 - loss: 0.1966 - accuracy: 0.0055
13380/24335 [===============>..............] - ETA: 3:46 - loss: 0.1965 - accuracy: 0.0055
13400/24335 [===============>..............] - ETA: 3:45 - loss: 0.1963 - accuracy: 0.0054
13420/24335 [===============>..............] - ETA: 3:45 - loss: 0.1961 - accuracy: 0.0054
13440/24335 [===============>..............] - ETA: 3:44 - loss: 0.1959 - accuracy: 0.0054
13460/24335 [===============>..............] - ETA: 3:44 - loss: 0.1957 - accuracy: 0.0054
13480/24335 [===============>..............] - ETA: 3:44 - loss: 0.1954 - accuracy: 0.0054
13500/24335 [===============>..............] - ETA: 3:43 - loss: 0.1953 - accuracy: 0.0054
13520/24335 [===============>..............] - ETA: 3:43 - loss: 0.1950 - accuracy: 0.0054
13540/24335 [===============>..............] - ETA: 3:42 - loss: 0.1948 - accuracy: 0.0054
13560/24335 [===============>..............] - ETA: 3:42 - loss: 0.1947 - accuracy: 0.0054
13580/24335 [===============>..............] - ETA: 3:42 - loss: 0.1945 - accuracy: 0.0054
13600/24335 [===============>..............] - ETA: 3:41 - loss: 0.1943 - accuracy: 0.0054
13620/24335 [===============>..............] - ETA: 3:41 - loss: 0.1941 - accuracy: 0.0054
13640/24335 [===============>..............] - ETA: 3:40 - loss: 0.1941 - accuracy: 0.0054
13660/24335 [===============>..............] - ETA: 3:40 - loss: 0.1938 - accuracy: 0.0054
13680/24335 [===============>..............] - ETA: 3:39 - loss: 0.1936 - accuracy: 0.0055
13700/24335 [===============>..............] - ETA: 3:39 - loss: 0.1935 - accuracy: 0.0055
13720/24335 [===============>..............] - ETA: 3:39 - loss: 0.1933 - accuracy: 0.0055
13740/24335 [===============>..............] - ETA: 3:38 - loss: 0.1932 - accuracy: 0.0056
13760/24335 [===============>..............] - ETA: 3:38 - loss: 0.1930 - accuracy: 0.0057
13780/24335 [===============>..............] - ETA: 3:37 - loss: 0.1929 - accuracy: 0.0057
13800/24335 [================>.............] - ETA: 3:37 - loss: 0.1926 - accuracy: 0.0057
13820/24335 [================>.............] - ETA: 3:37 - loss: 0.1925 - accuracy: 0.0058
13840/24335 [================>.............] - ETA: 3:36 - loss: 0.1922 - accuracy: 0.0058
13860/24335 [================>.............] - ETA: 3:36 - loss: 0.1921 - accuracy: 0.0058
13880/24335 [================>.............] - ETA: 3:35 - loss: 0.1919 - accuracy: 0.0058
13900/24335 [================>.............] - ETA: 3:35 - loss: 0.1917 - accuracy: 0.0058
13920/24335 [================>.............] - ETA: 3:35 - loss: 0.1915 - accuracy: 0.0059
13940/24335 [================>.............] - ETA: 3:34 - loss: 0.1913 - accuracy: 0.0059
13960/24335 [================>.............] - ETA: 3:34 - loss: 0.1911 - accuracy: 0.0059
13980/24335 [================>.............] - ETA: 3:33 - loss: 0.1909 - accuracy: 0.0059
14000/24335 [================>.............] - ETA: 3:33 - loss: 0.2799 - accuracy: 0.0059
14020/24335 [================>.............] - ETA: 3:32 - loss: 0.2796 - accuracy: 0.0059
14040/24335 [================>.............] - ETA: 3:32 - loss: 0.2792 - accuracy: 0.0059
14060/24335 [================>.............] - ETA: 3:32 - loss: 0.2789 - accuracy: 0.0059
14080/24335 [================>.............] - ETA: 3:31 - loss: 0.2786 - accuracy: 0.0059
14100/24335 [================>.............] - ETA: 3:31 - loss: 0.2887 - accuracy: 0.0059
14120/24335 [================>.............] - ETA: 3:30 - loss: 0.2884 - accuracy: 0.0059
14140/24335 [================>.............] - ETA: 3:30 - loss: 0.2882 - accuracy: 0.0059
14160/24335 [================>.............] - ETA: 3:30 - loss: 0.2879 - accuracy: 0.0059
14180/24335 [================>.............] - ETA: 3:29 - loss: 0.2877 - accuracy: 0.0059
14200/24335 [================>.............] - ETA: 3:29 - loss: 0.2874 - accuracy: 0.0060
14220/24335 [================>.............] - ETA: 3:28 - loss: 0.2871 - accuracy: 0.0060
14240/24335 [================>.............] - ETA: 3:28 - loss: 0.2868 - accuracy: 0.0060
14260/24335 [================>.............] - ETA: 3:28 - loss: 0.2865 - accuracy: 0.0060
14280/24335 [================>.............] - ETA: 3:27 - loss: 0.2863 - accuracy: 0.0060
14300/24335 [================>.............] - ETA: 3:27 - loss: 0.2860 - accuracy: 0.0059
14320/24335 [================>.............] - ETA: 3:26 - loss: 0.2857 - accuracy: 0.0059
14340/24335 [================>.............] - ETA: 3:26 - loss: 0.2856 - accuracy: 0.0059
14360/24335 [================>.............] - ETA: 3:25 - loss: 0.2852 - accuracy: 0.0059
14380/24335 [================>.............] - ETA: 3:25 - loss: 0.2849 - accuracy: 0.0059
14400/24335 [================>.............] - ETA: 3:25 - loss: 0.2846 - accuracy: 0.0059
14420/24335 [================>.............] - ETA: 3:24 - loss: 0.2843 - accuracy: 0.0059
14440/24335 [================>.............] - ETA: 3:24 - loss: 0.2840 - accuracy: 0.0059
14460/24335 [================>.............] - ETA: 3:23 - loss: 0.2838 - accuracy: 0.0059